This file contains any messages produced by compilers while
running configure, to aid debugging if configure makes a mistake.

It was created by ocropus configure 0.3, which was
generated by GNU Autoconf 2.63.  Invocation command line was

  $ ./configure --prefix=/gpfs/home/wjb19/work/fig2xml/figstuff/src/ocropus-0.4/ocropus/ --with-iulib=/gpfs/home/wjb19/work/fig2xml/figstuff/src/ocropus-0.4/iulib-0.4 --with-tesseract=/gpfs/home/wjb19/work/fig2xml/figstuff/src/ocropus-0.4/tesseract-ocr LDFLAGS=-L/gpfs/home/wjb19/work/fig2xml/figstuff/src/ocropus-0.4/tiff-4.0.1/lib -L/gpfs/home/wjb19/work/fig2xml/figstuff/src/ocropus-0.4/tesseract-ocr/lib -L/gpfs/home/wjb19/work/fig2xml/figstuff/src/ocropus-0.4/iulib-0.4/lib leptheaders=/gpfs/home/wjb19/work/fig2xml/figstuff/src/ocropus-0.4/leptonica-1.68/include/leptonica --with-iulib=/gpfs/home/wjb19/work/fig2xml/figstuff/src/ocropus-0.4/iulib-0.4 --without-SDL

## --------- ##
## Platform. ##
## --------- ##

hostname = lionxf.rcc.psu.edu
uname -m = x86_64
uname -r = 2.6.18-274.7.1.el5
uname -s = Linux
uname -v = #1 SMP Mon Oct 17 11:57:14 EDT 2011

/usr/bin/uname -p = unknown
/bin/uname -X     = unknown

/bin/arch              = x86_64
/usr/bin/arch -k       = unknown
/usr/convex/getsysinfo = unknown
/usr/bin/hostinfo      = unknown
/bin/machine           = unknown
/usr/bin/oslevel       = unknown
/bin/universe          = unknown

PATH: /usr/global/gsl/1.13/bin
PATH: /usr/global/cloog-ppl/0.15.9/bin
PATH: /usr/global/ppl/0.10.2/bin
PATH: /usr/global/gcc/4.5.1/bin
PATH: /gpfs/home/wjb19/work/figstuff/src/ocropus-0.4/leptonica-1.68/bin
PATH: /usr/lib64/qt-3.3/bin
PATH: /usr/global/pgi/pgi-10.9/linux86-64/10.9/bin
PATH: /usr/global/intel/Compiler/11.1/073/bin/intel64
PATH: /usr/global/java/jdk1.6.0_20/bin
PATH: /usr/global/realvnc/4.5r21561
PATH: /usr/global/bin
PATH: /usr/local/moab/bin
PATH: /usr/lpp/mmfs/bin
PATH: /usr/local/bin
PATH: /bin
PATH: /usr/bin
PATH: /usr/bin
PATH: /usr/kerberos/bin
PATH: /gpfs/home/wjb19/bin


## ----------- ##
## Core tests. ##
## ----------- ##

configure:1947: checking for a BSD-compatible install
configure:2015: result: /usr/bin/install -c
configure:2026: checking whether build environment is sane
configure:2086: result: yes
configure:2227: checking for a thread-safe mkdir -p
configure:2266: result: /bin/mkdir -p
configure:2279: checking for gawk
configure:2295: found /bin/gawk
configure:2306: result: gawk
configure:2317: checking whether make sets $(MAKE)
configure:2339: result: yes
configure:2443: checking for /gpfs/home/wjb19/work/fig2xml/figstuff/src/ocropus-0.4/tesseract-ocr/include/tesseract/baseapi.h
configure:2460: result: yes
configure:2503: checking for /gpfs/home/wjb19/work/fig2xml/figstuff/src/ocropus-0.4/iulib-0.4/include/iulib/imgio.h
configure:2520: result: yes
configure:2596: checking for g++
configure:2612: found /usr/global/gcc/4.5.1/bin/g++
configure:2623: result: g++
configure:2650: checking for C++ compiler version
configure:2658: g++ --version >&5
g++ (GCC) 4.5.1
Copyright (C) 2010 Free Software Foundation, Inc.
This is free software; see the source for copying conditions.  There is NO
warranty; not even for MERCHANTABILITY or FITNESS FOR A PARTICULAR PURPOSE.

configure:2662: $? = 0
configure:2669: g++ -v >&5
Using built-in specs.
COLLECT_GCC=g++
COLLECT_LTO_WRAPPER=/gpfs/apps/x86_64-rhel5/gcc/4.5.1/bin/../libexec/gcc/x86_64-unknown-linux-gnu/4.5.1/lto-wrapper
Target: x86_64-unknown-linux-gnu
Configured with: ../gcc-4.5.1/configure --prefix=/usr/global/gcc/4.5.1 --with-mpc=/usr/global/mpc/0.8.1 --with-mpfr=/usr/global/mpfr/2.4.2 --with-gmp=/usr/global/gmp/5.0.1 --with-ppl=/usr/global/ppl/0.10.2 --with-cloog=/usr/global/cloog-ppl/0.15.9 --disable-multilib
Thread model: posix
gcc version 4.5.1 (GCC) 
configure:2673: $? = 0
configure:2680: g++ -V >&5
g++: '-V' option must have argument
configure:2684: $? = 1
configure:2707: checking for C++ compiler default output file name
configure:2729: g++   -L/gpfs/home/wjb19/work/fig2xml/figstuff/src/ocropus-0.4/tiff-4.0.1/lib -L/gpfs/home/wjb19/work/fig2xml/figstuff/src/ocropus-0.4/tesseract-ocr/lib -L/gpfs/home/wjb19/work/fig2xml/figstuff/src/ocropus-0.4/iulib-0.4/lib -L/gpfs/home/wjb19/work/fig2xml/figstuff/src/ocropus-0.4/tesseract-ocr/lib -L/gpfs/home/wjb19/work/fig2xml/figstuff/src/ocropus-0.4/iulib-0.4/lib conftest.cpp  >&5
configure:2733: $? = 0
configure:2771: result: a.out
configure:2790: checking whether the C++ compiler works
configure:2800: ./a.out
configure:2804: $? = 0
configure:2823: result: yes
configure:2830: checking whether we are cross compiling
configure:2832: result: no
configure:2835: checking for suffix of executables
configure:2842: g++ -o conftest   -L/gpfs/home/wjb19/work/fig2xml/figstuff/src/ocropus-0.4/tiff-4.0.1/lib -L/gpfs/home/wjb19/work/fig2xml/figstuff/src/ocropus-0.4/tesseract-ocr/lib -L/gpfs/home/wjb19/work/fig2xml/figstuff/src/ocropus-0.4/iulib-0.4/lib -L/gpfs/home/wjb19/work/fig2xml/figstuff/src/ocropus-0.4/tesseract-ocr/lib -L/gpfs/home/wjb19/work/fig2xml/figstuff/src/ocropus-0.4/iulib-0.4/lib conftest.cpp  >&5
configure:2846: $? = 0
configure:2872: result: 
configure:2878: checking for suffix of object files
configure:2904: g++ -c   conftest.cpp >&5
configure:2908: $? = 0
configure:2933: result: o
configure:2937: checking whether we are using the GNU C++ compiler
configure:2966: g++ -c   conftest.cpp >&5
configure:2973: $? = 0
configure:2990: result: yes
configure:2999: checking whether g++ accepts -g
configure:3029: g++ -c -g  conftest.cpp >&5
configure:3036: $? = 0
configure:3137: result: yes
configure:3171: checking for style of include used by make
configure:3199: result: GNU
configure:3224: checking dependency style of g++
configure:3334: result: gcc3
configure:3397: checking for gcc
configure:3413: found /usr/global/gcc/4.5.1/bin/gcc
configure:3424: result: gcc
configure:3656: checking for C compiler version
configure:3664: gcc --version >&5
gcc (GCC) 4.5.1
Copyright (C) 2010 Free Software Foundation, Inc.
This is free software; see the source for copying conditions.  There is NO
warranty; not even for MERCHANTABILITY or FITNESS FOR A PARTICULAR PURPOSE.

configure:3668: $? = 0
configure:3675: gcc -v >&5
Using built-in specs.
COLLECT_GCC=gcc
COLLECT_LTO_WRAPPER=/gpfs/apps/x86_64-rhel5/gcc/4.5.1/bin/../libexec/gcc/x86_64-unknown-linux-gnu/4.5.1/lto-wrapper
Target: x86_64-unknown-linux-gnu
Configured with: ../gcc-4.5.1/configure --prefix=/usr/global/gcc/4.5.1 --with-mpc=/usr/global/mpc/0.8.1 --with-mpfr=/usr/global/mpfr/2.4.2 --with-gmp=/usr/global/gmp/5.0.1 --with-ppl=/usr/global/ppl/0.10.2 --with-cloog=/usr/global/cloog-ppl/0.15.9 --disable-multilib
Thread model: posix
gcc version 4.5.1 (GCC) 
configure:3679: $? = 0
configure:3686: gcc -V >&5
gcc: '-V' option must have argument
configure:3690: $? = 1
configure:3693: checking whether we are using the GNU C compiler
configure:3722: gcc -c   conftest.c >&5
configure:3729: $? = 0
configure:3746: result: yes
configure:3755: checking whether gcc accepts -g
configure:3785: gcc -c -g  conftest.c >&5
configure:3792: $? = 0
configure:3893: result: yes
configure:3910: checking for gcc option to accept ISO C89
configure:3984: gcc  -c -g -O2  conftest.c >&5
configure:3991: $? = 0
configure:4014: result: none needed
configure:4034: checking dependency style of gcc
configure:4144: result: gcc3
configure:4202: checking for ranlib
configure:4218: found /usr/bin/ranlib
configure:4229: result: ranlib
configure:4258: checking how to run the C preprocessor
configure:4298: gcc -E  conftest.c
configure:4305: $? = 0
configure:4336: gcc -E  conftest.c
conftest.c:10:28: fatal error: ac_nonexistent.h: No such file or directory
compilation terminated.
configure:4343: $? = 1
configure: failed program was:
| /* confdefs.h.  */
| #define PACKAGE_NAME "ocropus"
| #define PACKAGE_TARNAME "ocropus"
| #define PACKAGE_VERSION "0.3"
| #define PACKAGE_STRING "ocropus 0.3"
| #define PACKAGE_BUGREPORT ""
| #define PACKAGE "ocropus"
| #define VERSION "0.3"
| /* end confdefs.h.  */
| #include <ac_nonexistent.h>
configure:4376: result: gcc -E
configure:4405: gcc -E  conftest.c
configure:4412: $? = 0
configure:4443: gcc -E  conftest.c
conftest.c:10:28: fatal error: ac_nonexistent.h: No such file or directory
compilation terminated.
configure:4450: $? = 1
configure: failed program was:
| /* confdefs.h.  */
| #define PACKAGE_NAME "ocropus"
| #define PACKAGE_TARNAME "ocropus"
| #define PACKAGE_VERSION "0.3"
| #define PACKAGE_STRING "ocropus 0.3"
| #define PACKAGE_BUGREPORT ""
| #define PACKAGE "ocropus"
| #define VERSION "0.3"
| /* end confdefs.h.  */
| #include <ac_nonexistent.h>
configure:4490: checking for grep that handles long lines and -e
configure:4550: result: /bin/grep
configure:4555: checking for egrep
configure:4619: result: /bin/grep -E
configure:4624: checking for ANSI C header files
configure:4654: gcc -c -g -O2  conftest.c >&5
configure:4661: $? = 0
configure:4760: gcc -o conftest -g -O2  -L/gpfs/home/wjb19/work/fig2xml/figstuff/src/ocropus-0.4/tiff-4.0.1/lib -L/gpfs/home/wjb19/work/fig2xml/figstuff/src/ocropus-0.4/tesseract-ocr/lib -L/gpfs/home/wjb19/work/fig2xml/figstuff/src/ocropus-0.4/iulib-0.4/lib -L/gpfs/home/wjb19/work/fig2xml/figstuff/src/ocropus-0.4/tesseract-ocr/lib -L/gpfs/home/wjb19/work/fig2xml/figstuff/src/ocropus-0.4/iulib-0.4/lib conftest.c  >&5
configure:4764: $? = 0
configure:4770: ./conftest
configure:4774: $? = 0
configure:4792: result: yes
configure:4802: checking for sys/wait.h that is POSIX.1 compatible
configure:4838: gcc -c -g -O2  conftest.c >&5
configure:4845: $? = 0
configure:4860: result: yes
configure:4884: checking for sys/types.h
configure:4905: gcc -c -g -O2  conftest.c >&5
configure:4912: $? = 0
configure:4929: result: yes
configure:4884: checking for sys/stat.h
configure:4905: gcc -c -g -O2  conftest.c >&5
configure:4912: $? = 0
configure:4929: result: yes
configure:4884: checking for stdlib.h
configure:4905: gcc -c -g -O2  conftest.c >&5
configure:4912: $? = 0
configure:4929: result: yes
configure:4884: checking for string.h
configure:4905: gcc -c -g -O2  conftest.c >&5
configure:4912: $? = 0
configure:4929: result: yes
configure:4884: checking for memory.h
configure:4905: gcc -c -g -O2  conftest.c >&5
configure:4912: $? = 0
configure:4929: result: yes
configure:4884: checking for strings.h
configure:4905: gcc -c -g -O2  conftest.c >&5
configure:4912: $? = 0
configure:4929: result: yes
configure:4884: checking for inttypes.h
configure:4905: gcc -c -g -O2  conftest.c >&5
configure:4912: $? = 0
configure:4929: result: yes
configure:4884: checking for stdint.h
configure:4905: gcc -c -g -O2  conftest.c >&5
configure:4912: $? = 0
configure:4929: result: yes
configure:4884: checking for unistd.h
configure:4905: gcc -c -g -O2  conftest.c >&5
configure:4912: $? = 0
configure:4929: result: yes
configure:4965: checking float.h usability
configure:4982: gcc -c -g -O2  conftest.c >&5
configure:4989: $? = 0
configure:5003: result: yes
configure:5007: checking float.h presence
configure:5022: gcc -E  conftest.c
configure:5029: $? = 0
configure:5043: result: yes
configure:5071: checking for float.h
configure:5080: result: yes
configure:4965: checking malloc.h usability
configure:4982: gcc -c -g -O2  conftest.c >&5
configure:4989: $? = 0
configure:5003: result: yes
configure:5007: checking malloc.h presence
configure:5022: gcc -E  conftest.c
configure:5029: $? = 0
configure:5043: result: yes
configure:5071: checking for malloc.h
configure:5080: result: yes
configure:4954: checking for stdint.h
configure:4961: result: yes
configure:4954: checking for stdlib.h
configure:4961: result: yes
configure:4954: checking for string.h
configure:4961: result: yes
configure:4954: checking for unistd.h
configure:4961: result: yes
configure:4965: checking wchar.h usability
configure:4982: gcc -c -g -O2  conftest.c >&5
configure:4989: $? = 0
configure:5003: result: yes
configure:5007: checking wchar.h presence
configure:5022: gcc -E  conftest.c
configure:5029: $? = 0
configure:5043: result: yes
configure:5071: checking for wchar.h
configure:5080: result: yes
configure:5098: checking for unistd.h
configure:5103: result: yes
configure:5236: checking for compress in -lz
configure:5271: gcc -o conftest -g -O2  -L/gpfs/home/wjb19/work/fig2xml/figstuff/src/ocropus-0.4/tiff-4.0.1/lib -L/gpfs/home/wjb19/work/fig2xml/figstuff/src/ocropus-0.4/tesseract-ocr/lib -L/gpfs/home/wjb19/work/fig2xml/figstuff/src/ocropus-0.4/iulib-0.4/lib -L/gpfs/home/wjb19/work/fig2xml/figstuff/src/ocropus-0.4/tesseract-ocr/lib -L/gpfs/home/wjb19/work/fig2xml/figstuff/src/ocropus-0.4/iulib-0.4/lib conftest.c -lz   >&5
configure:5278: $? = 0
configure:5299: result: yes
configure:5326: checking png.h usability
configure:5343: gcc -c -g -O2  conftest.c >&5
configure:5350: $? = 0
configure:5364: result: yes
configure:5368: checking png.h presence
configure:5383: gcc -E  conftest.c
configure:5390: $? = 0
configure:5404: result: yes
configure:5432: checking for png.h
configure:5439: result: yes
configure:5453: checking for png_sig_cmp in -lpng
configure:5488: gcc -o conftest -g -O2  -L/gpfs/home/wjb19/work/fig2xml/figstuff/src/ocropus-0.4/tiff-4.0.1/lib -L/gpfs/home/wjb19/work/fig2xml/figstuff/src/ocropus-0.4/tesseract-ocr/lib -L/gpfs/home/wjb19/work/fig2xml/figstuff/src/ocropus-0.4/iulib-0.4/lib -L/gpfs/home/wjb19/work/fig2xml/figstuff/src/ocropus-0.4/tesseract-ocr/lib -L/gpfs/home/wjb19/work/fig2xml/figstuff/src/ocropus-0.4/iulib-0.4/lib conftest.c -lpng  -lz  >&5
configure:5495: $? = 0
configure:5516: result: yes
configure:5543: checking jpeglib.h usability
configure:5560: gcc -c -g -O2  conftest.c >&5
configure:5567: $? = 0
configure:5581: result: yes
configure:5585: checking jpeglib.h presence
configure:5600: gcc -E  conftest.c
configure:5607: $? = 0
configure:5621: result: yes
configure:5649: checking for jpeglib.h
configure:5656: result: yes
configure:5670: checking for jpeg_std_error in -ljpeg
configure:5705: gcc -o conftest -g -O2  -L/gpfs/home/wjb19/work/fig2xml/figstuff/src/ocropus-0.4/tiff-4.0.1/lib -L/gpfs/home/wjb19/work/fig2xml/figstuff/src/ocropus-0.4/tesseract-ocr/lib -L/gpfs/home/wjb19/work/fig2xml/figstuff/src/ocropus-0.4/iulib-0.4/lib -L/gpfs/home/wjb19/work/fig2xml/figstuff/src/ocropus-0.4/tesseract-ocr/lib -L/gpfs/home/wjb19/work/fig2xml/figstuff/src/ocropus-0.4/iulib-0.4/lib conftest.c -ljpeg  -lpng -lz  >&5
configure:5712: $? = 0
configure:5733: result: yes
configure:5751: checking for TIFFOpen in -ltiff
configure:5786: gcc -o conftest -g -O2  -L/gpfs/home/wjb19/work/fig2xml/figstuff/src/ocropus-0.4/tiff-4.0.1/lib -L/gpfs/home/wjb19/work/fig2xml/figstuff/src/ocropus-0.4/tesseract-ocr/lib -L/gpfs/home/wjb19/work/fig2xml/figstuff/src/ocropus-0.4/iulib-0.4/lib -L/gpfs/home/wjb19/work/fig2xml/figstuff/src/ocropus-0.4/tesseract-ocr/lib -L/gpfs/home/wjb19/work/fig2xml/figstuff/src/ocropus-0.4/iulib-0.4/lib conftest.c -ltiff  -ljpeg -lpng -lz  >&5
configure:5793: $? = 0
configure:5814: result: yes
configure:5845: checking for pthread_create in -lpthread
configure:5880: g++ -o conftest -g -O2  -L/gpfs/home/wjb19/work/fig2xml/figstuff/src/ocropus-0.4/tiff-4.0.1/lib -L/gpfs/home/wjb19/work/fig2xml/figstuff/src/ocropus-0.4/tesseract-ocr/lib -L/gpfs/home/wjb19/work/fig2xml/figstuff/src/ocropus-0.4/iulib-0.4/lib -L/gpfs/home/wjb19/work/fig2xml/figstuff/src/ocropus-0.4/tesseract-ocr/lib -L/gpfs/home/wjb19/work/fig2xml/figstuff/src/ocropus-0.4/iulib-0.4/lib conftest.cpp -lpthread  -ltiff -ljpeg -lpng -lz  >&5
configure:5887: $? = 0
configure:5908: result: yes
configure:5923: checking for err_exit in -ltesseract
configure:5958: g++ -o conftest -g -O2  -L/gpfs/home/wjb19/work/fig2xml/figstuff/src/ocropus-0.4/tiff-4.0.1/lib -L/gpfs/home/wjb19/work/fig2xml/figstuff/src/ocropus-0.4/tesseract-ocr/lib -L/gpfs/home/wjb19/work/fig2xml/figstuff/src/ocropus-0.4/iulib-0.4/lib -L/gpfs/home/wjb19/work/fig2xml/figstuff/src/ocropus-0.4/tesseract-ocr/lib -L/gpfs/home/wjb19/work/fig2xml/figstuff/src/ocropus-0.4/iulib-0.4/lib conftest.cpp -ltesseract  -lpthread -ltiff -ljpeg -lpng -lz  >&5
/usr/bin/ld: warning: libtiff.so.3, needed by /gpfs/home/wjb19/work/fig2xml/figstuff/src/ocropus-0.4/tesseract-ocr/lib/libtesseract.so, may conflict with libtiff.so.5
configure:5965: $? = 0
configure:5986: result: yes
configure:6571: checking /gpfs/home/wjb19/work/fig2xml/figstuff/src/ocropus-0.4/leptonica-1.68/include/leptonica/allheaders.h usability
configure:6588: g++ -c -g -O2  conftest.cpp >&5
configure:6595: $? = 0
configure:6609: result: yes
configure:6613: checking /gpfs/home/wjb19/work/fig2xml/figstuff/src/ocropus-0.4/leptonica-1.68/include/leptonica/allheaders.h presence
configure:6628:   conftest.cpp
./configure: line 6630: conftest.cpp: command not found
configure:6635: $? = 127
configure: failed program was:
| /* confdefs.h.  */
| #define PACKAGE_NAME "ocropus"
| #define PACKAGE_TARNAME "ocropus"
| #define PACKAGE_VERSION "0.3"
| #define PACKAGE_STRING "ocropus 0.3"
| #define PACKAGE_BUGREPORT ""
| #define PACKAGE "ocropus"
| #define VERSION "0.3"
| #define STDC_HEADERS 1
| #define HAVE_SYS_WAIT_H 1
| #define HAVE_SYS_TYPES_H 1
| #define HAVE_SYS_STAT_H 1
| #define HAVE_STDLIB_H 1
| #define HAVE_STRING_H 1
| #define HAVE_MEMORY_H 1
| #define HAVE_STRINGS_H 1
| #define HAVE_INTTYPES_H 1
| #define HAVE_STDINT_H 1
| #define HAVE_UNISTD_H 1
| #define HAVE_FLOAT_H 1
| #define HAVE_MALLOC_H 1
| #define HAVE_STDINT_H 1
| #define HAVE_STDLIB_H 1
| #define HAVE_STRING_H 1
| #define HAVE_UNISTD_H 1
| #define HAVE_WCHAR_H 1
| #define HAVE_LIBZ 1
| #define HAVE_LIBPNG 1
| #define HAVE_LIBJPEG 1
| #define HAVE_LIBTIFF 1
| #define HAVE_LIBPTHREAD 1
| #define HAVE_LIBTESSERACT 1
| /* end confdefs.h.  */
| #include </gpfs/home/wjb19/work/fig2xml/figstuff/src/ocropus-0.4/leptonica-1.68/include/leptonica/allheaders.h>
configure:6649: result: no
configure:6655: WARNING: /gpfs/home/wjb19/work/fig2xml/figstuff/src/ocropus-0.4/leptonica-1.68/include/leptonica/allheaders.h: accepted by the compiler, rejected by the preprocessor!
configure:6657: WARNING: /gpfs/home/wjb19/work/fig2xml/figstuff/src/ocropus-0.4/leptonica-1.68/include/leptonica/allheaders.h: proceeding with the compiler's result
configure:6677: checking for /gpfs/home/wjb19/work/fig2xml/figstuff/src/ocropus-0.4/leptonica-1.68/include/leptonica/allheaders.h
configure:6686: result: yes
configure:7399: checking for pixCreate in -llept
configure:7434: g++ -o conftest -g -O2  -L/gpfs/home/wjb19/work/fig2xml/figstuff/src/ocropus-0.4/tiff-4.0.1/lib -L/gpfs/home/wjb19/work/fig2xml/figstuff/src/ocropus-0.4/tesseract-ocr/lib -L/gpfs/home/wjb19/work/fig2xml/figstuff/src/ocropus-0.4/iulib-0.4/lib -L/gpfs/home/wjb19/work/fig2xml/figstuff/src/ocropus-0.4/tesseract-ocr/lib -L/gpfs/home/wjb19/work/fig2xml/figstuff/src/ocropus-0.4/iulib-0.4/lib -L/gpfs/home/wjb19/work/fig2xml/figstuff/src/ocropus-0.4/leptonica-1.68/include/leptonica/../../lib conftest.cpp -llept  -ltesseract -lpthread -ltiff -ljpeg -lpng -lz  >&5
/usr/bin/ld: warning: libtiff.so.3, needed by /gpfs/home/wjb19/work/fig2xml/figstuff/src/ocropus-0.4/leptonica-1.68/include/leptonica/../../lib/liblept.so, may conflict with libtiff.so.5
configure:7441: $? = 0
configure:7462: result: yes
configure:7491: checking for abort in -lgslcblas
configure:7526: g++ -o conftest -g -O2  -L/gpfs/home/wjb19/work/fig2xml/figstuff/src/ocropus-0.4/tiff-4.0.1/lib -L/gpfs/home/wjb19/work/fig2xml/figstuff/src/ocropus-0.4/tesseract-ocr/lib -L/gpfs/home/wjb19/work/fig2xml/figstuff/src/ocropus-0.4/iulib-0.4/lib -L/gpfs/home/wjb19/work/fig2xml/figstuff/src/ocropus-0.4/tesseract-ocr/lib -L/gpfs/home/wjb19/work/fig2xml/figstuff/src/ocropus-0.4/iulib-0.4/lib -L/gpfs/home/wjb19/work/fig2xml/figstuff/src/ocropus-0.4/leptonica-1.68/include/leptonica/../../lib conftest.cpp -lgslcblas  -llept -ltesseract -lpthread -ltiff -ljpeg -lpng -lz  >&5
/usr/bin/ld: cannot find -lgslcblas
collect2: ld returned 1 exit status
configure:7533: $? = 1
configure: failed program was:
| /* confdefs.h.  */
| #define PACKAGE_NAME "ocropus"
| #define PACKAGE_TARNAME "ocropus"
| #define PACKAGE_VERSION "0.3"
| #define PACKAGE_STRING "ocropus 0.3"
| #define PACKAGE_BUGREPORT ""
| #define PACKAGE "ocropus"
| #define VERSION "0.3"
| #define STDC_HEADERS 1
| #define HAVE_SYS_WAIT_H 1
| #define HAVE_SYS_TYPES_H 1
| #define HAVE_SYS_STAT_H 1
| #define HAVE_STDLIB_H 1
| #define HAVE_STRING_H 1
| #define HAVE_MEMORY_H 1
| #define HAVE_STRINGS_H 1
| #define HAVE_INTTYPES_H 1
| #define HAVE_STDINT_H 1
| #define HAVE_UNISTD_H 1
| #define HAVE_FLOAT_H 1
| #define HAVE_MALLOC_H 1
| #define HAVE_STDINT_H 1
| #define HAVE_STDLIB_H 1
| #define HAVE_STRING_H 1
| #define HAVE_UNISTD_H 1
| #define HAVE_WCHAR_H 1
| #define HAVE_LIBZ 1
| #define HAVE_LIBPNG 1
| #define HAVE_LIBJPEG 1
| #define HAVE_LIBTIFF 1
| #define HAVE_LIBPTHREAD 1
| #define HAVE_LIBTESSERACT 1
| #define HAVE_LIBLEPT 1
| /* end confdefs.h.  */
| 
| /* Override any GCC internal prototype to avoid an error.
|    Use char because int might match the return type of a GCC
|    builtin and then its argument prototype would still apply.  */
| #ifdef __cplusplus
| extern "C"
| #endif
| char abort ();
| int
| main ()
| {
| return abort ();
|   ;
|   return 0;
| }
configure:7554: result: no
configure:7569: checking for gsl_error in -lgsl
configure:7604: g++ -o conftest -g -O2  -L/gpfs/home/wjb19/work/fig2xml/figstuff/src/ocropus-0.4/tiff-4.0.1/lib -L/gpfs/home/wjb19/work/fig2xml/figstuff/src/ocropus-0.4/tesseract-ocr/lib -L/gpfs/home/wjb19/work/fig2xml/figstuff/src/ocropus-0.4/iulib-0.4/lib -L/gpfs/home/wjb19/work/fig2xml/figstuff/src/ocropus-0.4/tesseract-ocr/lib -L/gpfs/home/wjb19/work/fig2xml/figstuff/src/ocropus-0.4/iulib-0.4/lib -L/gpfs/home/wjb19/work/fig2xml/figstuff/src/ocropus-0.4/leptonica-1.68/include/leptonica/../../lib conftest.cpp -lgsl  -llept -ltesseract -lpthread -ltiff -ljpeg -lpng -lz  >&5
/usr/bin/ld: cannot find -lgsl
collect2: ld returned 1 exit status
configure:7611: $? = 1
configure: failed program was:
| /* confdefs.h.  */
| #define PACKAGE_NAME "ocropus"
| #define PACKAGE_TARNAME "ocropus"
| #define PACKAGE_VERSION "0.3"
| #define PACKAGE_STRING "ocropus 0.3"
| #define PACKAGE_BUGREPORT ""
| #define PACKAGE "ocropus"
| #define VERSION "0.3"
| #define STDC_HEADERS 1
| #define HAVE_SYS_WAIT_H 1
| #define HAVE_SYS_TYPES_H 1
| #define HAVE_SYS_STAT_H 1
| #define HAVE_STDLIB_H 1
| #define HAVE_STRING_H 1
| #define HAVE_MEMORY_H 1
| #define HAVE_STRINGS_H 1
| #define HAVE_INTTYPES_H 1
| #define HAVE_STDINT_H 1
| #define HAVE_UNISTD_H 1
| #define HAVE_FLOAT_H 1
| #define HAVE_MALLOC_H 1
| #define HAVE_STDINT_H 1
| #define HAVE_STDLIB_H 1
| #define HAVE_STRING_H 1
| #define HAVE_UNISTD_H 1
| #define HAVE_WCHAR_H 1
| #define HAVE_LIBZ 1
| #define HAVE_LIBPNG 1
| #define HAVE_LIBJPEG 1
| #define HAVE_LIBTIFF 1
| #define HAVE_LIBPTHREAD 1
| #define HAVE_LIBTESSERACT 1
| #define HAVE_LIBLEPT 1
| /* end confdefs.h.  */
| 
| /* Override any GCC internal prototype to avoid an error.
|    Use char because int might match the return type of a GCC
|    builtin and then its argument prototype would still apply.  */
| #ifdef __cplusplus
| extern "C"
| #endif
| char gsl_error ();
| int
| main ()
| {
| return gsl_error ();
|   ;
|   return 0;
| }
configure:7632: result: no
configure:7647: checking for exit in -lblas
configure:7682: g++ -o conftest -g -O2  -L/gpfs/home/wjb19/work/fig2xml/figstuff/src/ocropus-0.4/tiff-4.0.1/lib -L/gpfs/home/wjb19/work/fig2xml/figstuff/src/ocropus-0.4/tesseract-ocr/lib -L/gpfs/home/wjb19/work/fig2xml/figstuff/src/ocropus-0.4/iulib-0.4/lib -L/gpfs/home/wjb19/work/fig2xml/figstuff/src/ocropus-0.4/tesseract-ocr/lib -L/gpfs/home/wjb19/work/fig2xml/figstuff/src/ocropus-0.4/iulib-0.4/lib -L/gpfs/home/wjb19/work/fig2xml/figstuff/src/ocropus-0.4/leptonica-1.68/include/leptonica/../../lib conftest.cpp -lblas  -llept -ltesseract -lpthread -ltiff -ljpeg -lpng -lz  >&5
/usr/bin/ld: cannot find -lblas
collect2: ld returned 1 exit status
configure:7689: $? = 1
configure: failed program was:
| /* confdefs.h.  */
| #define PACKAGE_NAME "ocropus"
| #define PACKAGE_TARNAME "ocropus"
| #define PACKAGE_VERSION "0.3"
| #define PACKAGE_STRING "ocropus 0.3"
| #define PACKAGE_BUGREPORT ""
| #define PACKAGE "ocropus"
| #define VERSION "0.3"
| #define STDC_HEADERS 1
| #define HAVE_SYS_WAIT_H 1
| #define HAVE_SYS_TYPES_H 1
| #define HAVE_SYS_STAT_H 1
| #define HAVE_STDLIB_H 1
| #define HAVE_STRING_H 1
| #define HAVE_MEMORY_H 1
| #define HAVE_STRINGS_H 1
| #define HAVE_INTTYPES_H 1
| #define HAVE_STDINT_H 1
| #define HAVE_UNISTD_H 1
| #define HAVE_FLOAT_H 1
| #define HAVE_MALLOC_H 1
| #define HAVE_STDINT_H 1
| #define HAVE_STDLIB_H 1
| #define HAVE_STRING_H 1
| #define HAVE_UNISTD_H 1
| #define HAVE_WCHAR_H 1
| #define HAVE_LIBZ 1
| #define HAVE_LIBPNG 1
| #define HAVE_LIBJPEG 1
| #define HAVE_LIBTIFF 1
| #define HAVE_LIBPTHREAD 1
| #define HAVE_LIBTESSERACT 1
| #define HAVE_LIBLEPT 1
| /* end confdefs.h.  */
| 
| /* Override any GCC internal prototype to avoid an error.
|    Use char because int might match the return type of a GCC
|    builtin and then its argument prototype would still apply.  */
| #ifdef __cplusplus
| extern "C"
| #endif
| char exit ();
| int
| main ()
| {
| return exit ();
|   ;
|   return 0;
| }
configure:7710: result: no
configure:7929: checking for GOMP_parallel_start in -lgomp
configure:7964: g++ -o conftest -g -O2  -L/gpfs/home/wjb19/work/fig2xml/figstuff/src/ocropus-0.4/tiff-4.0.1/lib -L/gpfs/home/wjb19/work/fig2xml/figstuff/src/ocropus-0.4/tesseract-ocr/lib -L/gpfs/home/wjb19/work/fig2xml/figstuff/src/ocropus-0.4/iulib-0.4/lib -L/gpfs/home/wjb19/work/fig2xml/figstuff/src/ocropus-0.4/tesseract-ocr/lib -L/gpfs/home/wjb19/work/fig2xml/figstuff/src/ocropus-0.4/iulib-0.4/lib -L/gpfs/home/wjb19/work/fig2xml/figstuff/src/ocropus-0.4/leptonica-1.68/include/leptonica/../../lib conftest.cpp -lgomp  -llept -ltesseract -lpthread -ltiff -ljpeg -lpng -lz  >&5
/usr/bin/ld: warning: libtiff.so.3, needed by /gpfs/home/wjb19/work/fig2xml/figstuff/src/ocropus-0.4/leptonica-1.68/include/leptonica/../../lib/liblept.so, may conflict with libtiff.so.5
configure:7971: $? = 0
configure:7992: result: yes
configure:8025: checking for int64_t
configure:8056: g++ -c -g -O2 -fopenmp  conftest.cpp >&5
configure:8063: $? = 0
configure:8092: g++ -c -g -O2 -fopenmp  conftest.cpp >&5
conftest.cpp: In function 'int main()':
conftest.cpp:73:55: warning: integer overflow in expression
conftest.cpp:73:58: error: size of array 'test_array' is negative
configure:8099: $? = 1
configure: failed program was:
| /* confdefs.h.  */
| #define PACKAGE_NAME "ocropus"
| #define PACKAGE_TARNAME "ocropus"
| #define PACKAGE_VERSION "0.3"
| #define PACKAGE_STRING "ocropus 0.3"
| #define PACKAGE_BUGREPORT ""
| #define PACKAGE "ocropus"
| #define VERSION "0.3"
| #define STDC_HEADERS 1
| #define HAVE_SYS_WAIT_H 1
| #define HAVE_SYS_TYPES_H 1
| #define HAVE_SYS_STAT_H 1
| #define HAVE_STDLIB_H 1
| #define HAVE_STRING_H 1
| #define HAVE_MEMORY_H 1
| #define HAVE_STRINGS_H 1
| #define HAVE_INTTYPES_H 1
| #define HAVE_STDINT_H 1
| #define HAVE_UNISTD_H 1
| #define HAVE_FLOAT_H 1
| #define HAVE_MALLOC_H 1
| #define HAVE_STDINT_H 1
| #define HAVE_STDLIB_H 1
| #define HAVE_STRING_H 1
| #define HAVE_UNISTD_H 1
| #define HAVE_WCHAR_H 1
| #define HAVE_LIBZ 1
| #define HAVE_LIBPNG 1
| #define HAVE_LIBJPEG 1
| #define HAVE_LIBTIFF 1
| #define HAVE_LIBPTHREAD 1
| #define HAVE_LIBTESSERACT 1
| #define HAVE_LIBLEPT 1
| #define HAVE_LIBGOMP 1
| /* end confdefs.h.  */
| #include <stdio.h>
| #ifdef HAVE_SYS_TYPES_H
| # include <sys/types.h>
| #endif
| #ifdef HAVE_SYS_STAT_H
| # include <sys/stat.h>
| #endif
| #ifdef STDC_HEADERS
| # include <stdlib.h>
| # include <stddef.h>
| #else
| # ifdef HAVE_STDLIB_H
| #  include <stdlib.h>
| # endif
| #endif
| #ifdef HAVE_STRING_H
| # if !defined STDC_HEADERS && defined HAVE_MEMORY_H
| #  include <memory.h>
| # endif
| # include <string.h>
| #endif
| #ifdef HAVE_STRINGS_H
| # include <strings.h>
| #endif
| #ifdef HAVE_INTTYPES_H
| # include <inttypes.h>
| #endif
| #ifdef HAVE_STDINT_H
| # include <stdint.h>
| #endif
| #ifdef HAVE_UNISTD_H
| # include <unistd.h>
| #endif
| int
| main ()
| {
| static int test_array [1 - 2 * !((int64_t) ((((int64_t) 1 << (64 - 2)) - 1) * 2 + 1)
| 		 < (int64_t) ((((int64_t) 1 << (64 - 2)) - 1) * 2 + 2))];
| test_array [0] = 0
| 
|   ;
|   return 0;
| }
configure:8128: result: yes
configure:8140: checking for pid_t
configure:8168: g++ -c -g -O2 -fopenmp  conftest.cpp >&5
configure:8175: $? = 0
configure:8202: g++ -c -g -O2 -fopenmp  conftest.cpp >&5
conftest.cpp: In function 'int main()':
conftest.cpp:72:19: error: expected primary-expression before ')' token
configure:8209: $? = 1
configure: failed program was:
| /* confdefs.h.  */
| #define PACKAGE_NAME "ocropus"
| #define PACKAGE_TARNAME "ocropus"
| #define PACKAGE_VERSION "0.3"
| #define PACKAGE_STRING "ocropus 0.3"
| #define PACKAGE_BUGREPORT ""
| #define PACKAGE "ocropus"
| #define VERSION "0.3"
| #define STDC_HEADERS 1
| #define HAVE_SYS_WAIT_H 1
| #define HAVE_SYS_TYPES_H 1
| #define HAVE_SYS_STAT_H 1
| #define HAVE_STDLIB_H 1
| #define HAVE_STRING_H 1
| #define HAVE_MEMORY_H 1
| #define HAVE_STRINGS_H 1
| #define HAVE_INTTYPES_H 1
| #define HAVE_STDINT_H 1
| #define HAVE_UNISTD_H 1
| #define HAVE_FLOAT_H 1
| #define HAVE_MALLOC_H 1
| #define HAVE_STDINT_H 1
| #define HAVE_STDLIB_H 1
| #define HAVE_STRING_H 1
| #define HAVE_UNISTD_H 1
| #define HAVE_WCHAR_H 1
| #define HAVE_LIBZ 1
| #define HAVE_LIBPNG 1
| #define HAVE_LIBJPEG 1
| #define HAVE_LIBTIFF 1
| #define HAVE_LIBPTHREAD 1
| #define HAVE_LIBTESSERACT 1
| #define HAVE_LIBLEPT 1
| #define HAVE_LIBGOMP 1
| /* end confdefs.h.  */
| #include <stdio.h>
| #ifdef HAVE_SYS_TYPES_H
| # include <sys/types.h>
| #endif
| #ifdef HAVE_SYS_STAT_H
| # include <sys/stat.h>
| #endif
| #ifdef STDC_HEADERS
| # include <stdlib.h>
| # include <stddef.h>
| #else
| # ifdef HAVE_STDLIB_H
| #  include <stdlib.h>
| # endif
| #endif
| #ifdef HAVE_STRING_H
| # if !defined STDC_HEADERS && defined HAVE_MEMORY_H
| #  include <memory.h>
| # endif
| # include <string.h>
| #endif
| #ifdef HAVE_STRINGS_H
| # include <strings.h>
| #endif
| #ifdef HAVE_INTTYPES_H
| # include <inttypes.h>
| #endif
| #ifdef HAVE_STDINT_H
| # include <stdint.h>
| #endif
| #ifdef HAVE_UNISTD_H
| # include <unistd.h>
| #endif
| int
| main ()
| {
| if (sizeof ((pid_t)))
| 	  return 0;
|   ;
|   return 0;
| }
configure:8232: result: yes
configure:8261: checking vfork.h usability
configure:8278: g++ -c -g -O2 -fopenmp  conftest.cpp >&5
conftest.cpp:69:19: fatal error: vfork.h: No such file or directory
compilation terminated.
configure:8285: $? = 1
configure: failed program was:
| /* confdefs.h.  */
| #define PACKAGE_NAME "ocropus"
| #define PACKAGE_TARNAME "ocropus"
| #define PACKAGE_VERSION "0.3"
| #define PACKAGE_STRING "ocropus 0.3"
| #define PACKAGE_BUGREPORT ""
| #define PACKAGE "ocropus"
| #define VERSION "0.3"
| #define STDC_HEADERS 1
| #define HAVE_SYS_WAIT_H 1
| #define HAVE_SYS_TYPES_H 1
| #define HAVE_SYS_STAT_H 1
| #define HAVE_STDLIB_H 1
| #define HAVE_STRING_H 1
| #define HAVE_MEMORY_H 1
| #define HAVE_STRINGS_H 1
| #define HAVE_INTTYPES_H 1
| #define HAVE_STDINT_H 1
| #define HAVE_UNISTD_H 1
| #define HAVE_FLOAT_H 1
| #define HAVE_MALLOC_H 1
| #define HAVE_STDINT_H 1
| #define HAVE_STDLIB_H 1
| #define HAVE_STRING_H 1
| #define HAVE_UNISTD_H 1
| #define HAVE_WCHAR_H 1
| #define HAVE_LIBZ 1
| #define HAVE_LIBPNG 1
| #define HAVE_LIBJPEG 1
| #define HAVE_LIBTIFF 1
| #define HAVE_LIBPTHREAD 1
| #define HAVE_LIBTESSERACT 1
| #define HAVE_LIBLEPT 1
| #define HAVE_LIBGOMP 1
| /* end confdefs.h.  */
| #include <stdio.h>
| #ifdef HAVE_SYS_TYPES_H
| # include <sys/types.h>
| #endif
| #ifdef HAVE_SYS_STAT_H
| # include <sys/stat.h>
| #endif
| #ifdef STDC_HEADERS
| # include <stdlib.h>
| # include <stddef.h>
| #else
| # ifdef HAVE_STDLIB_H
| #  include <stdlib.h>
| # endif
| #endif
| #ifdef HAVE_STRING_H
| # if !defined STDC_HEADERS && defined HAVE_MEMORY_H
| #  include <memory.h>
| # endif
| # include <string.h>
| #endif
| #ifdef HAVE_STRINGS_H
| # include <strings.h>
| #endif
| #ifdef HAVE_INTTYPES_H
| # include <inttypes.h>
| #endif
| #ifdef HAVE_STDINT_H
| # include <stdint.h>
| #endif
| #ifdef HAVE_UNISTD_H
| # include <unistd.h>
| #endif
| #include <vfork.h>
configure:8299: result: no
configure:8303: checking vfork.h presence
configure:8318:   conftest.cpp
./configure: line 8320: conftest.cpp: command not found
configure:8325: $? = 127
configure: failed program was:
| /* confdefs.h.  */
| #define PACKAGE_NAME "ocropus"
| #define PACKAGE_TARNAME "ocropus"
| #define PACKAGE_VERSION "0.3"
| #define PACKAGE_STRING "ocropus 0.3"
| #define PACKAGE_BUGREPORT ""
| #define PACKAGE "ocropus"
| #define VERSION "0.3"
| #define STDC_HEADERS 1
| #define HAVE_SYS_WAIT_H 1
| #define HAVE_SYS_TYPES_H 1
| #define HAVE_SYS_STAT_H 1
| #define HAVE_STDLIB_H 1
| #define HAVE_STRING_H 1
| #define HAVE_MEMORY_H 1
| #define HAVE_STRINGS_H 1
| #define HAVE_INTTYPES_H 1
| #define HAVE_STDINT_H 1
| #define HAVE_UNISTD_H 1
| #define HAVE_FLOAT_H 1
| #define HAVE_MALLOC_H 1
| #define HAVE_STDINT_H 1
| #define HAVE_STDLIB_H 1
| #define HAVE_STRING_H 1
| #define HAVE_UNISTD_H 1
| #define HAVE_WCHAR_H 1
| #define HAVE_LIBZ 1
| #define HAVE_LIBPNG 1
| #define HAVE_LIBJPEG 1
| #define HAVE_LIBTIFF 1
| #define HAVE_LIBPTHREAD 1
| #define HAVE_LIBTESSERACT 1
| #define HAVE_LIBLEPT 1
| #define HAVE_LIBGOMP 1
| /* end confdefs.h.  */
| #include <vfork.h>
configure:8339: result: no
configure:8367: checking for vfork.h
configure:8376: result: no
configure:8396: checking for fork
configure:8452: g++ -o conftest -g -O2 -fopenmp  -L/gpfs/home/wjb19/work/fig2xml/figstuff/src/ocropus-0.4/tiff-4.0.1/lib -L/gpfs/home/wjb19/work/fig2xml/figstuff/src/ocropus-0.4/tesseract-ocr/lib -L/gpfs/home/wjb19/work/fig2xml/figstuff/src/ocropus-0.4/iulib-0.4/lib -L/gpfs/home/wjb19/work/fig2xml/figstuff/src/ocropus-0.4/tesseract-ocr/lib -L/gpfs/home/wjb19/work/fig2xml/figstuff/src/ocropus-0.4/iulib-0.4/lib -L/gpfs/home/wjb19/work/fig2xml/figstuff/src/ocropus-0.4/leptonica-1.68/include/leptonica/../../lib -lgomp conftest.cpp -lgomp -llept -ltesseract -lpthread -ltiff -ljpeg -lpng -lz  >&5
/usr/bin/ld: warning: libtiff.so.3, needed by /gpfs/home/wjb19/work/fig2xml/figstuff/src/ocropus-0.4/leptonica-1.68/include/leptonica/../../lib/liblept.so, may conflict with libtiff.so.5
configure:8459: $? = 0
configure:8481: result: yes
configure:8396: checking for vfork
configure:8452: g++ -o conftest -g -O2 -fopenmp  -L/gpfs/home/wjb19/work/fig2xml/figstuff/src/ocropus-0.4/tiff-4.0.1/lib -L/gpfs/home/wjb19/work/fig2xml/figstuff/src/ocropus-0.4/tesseract-ocr/lib -L/gpfs/home/wjb19/work/fig2xml/figstuff/src/ocropus-0.4/iulib-0.4/lib -L/gpfs/home/wjb19/work/fig2xml/figstuff/src/ocropus-0.4/tesseract-ocr/lib -L/gpfs/home/wjb19/work/fig2xml/figstuff/src/ocropus-0.4/iulib-0.4/lib -L/gpfs/home/wjb19/work/fig2xml/figstuff/src/ocropus-0.4/leptonica-1.68/include/leptonica/../../lib -lgomp conftest.cpp -lgomp -llept -ltesseract -lpthread -ltiff -ljpeg -lpng -lz  >&5
/usr/bin/ld: warning: libtiff.so.3, needed by /gpfs/home/wjb19/work/fig2xml/figstuff/src/ocropus-0.4/leptonica-1.68/include/leptonica/../../lib/liblept.so, may conflict with libtiff.so.5
configure:8459: $? = 0
configure:8481: result: yes
configure:8494: checking for working fork
configure:8526: g++ -o conftest -g -O2 -fopenmp  -L/gpfs/home/wjb19/work/fig2xml/figstuff/src/ocropus-0.4/tiff-4.0.1/lib -L/gpfs/home/wjb19/work/fig2xml/figstuff/src/ocropus-0.4/tesseract-ocr/lib -L/gpfs/home/wjb19/work/fig2xml/figstuff/src/ocropus-0.4/iulib-0.4/lib -L/gpfs/home/wjb19/work/fig2xml/figstuff/src/ocropus-0.4/tesseract-ocr/lib -L/gpfs/home/wjb19/work/fig2xml/figstuff/src/ocropus-0.4/iulib-0.4/lib -L/gpfs/home/wjb19/work/fig2xml/figstuff/src/ocropus-0.4/leptonica-1.68/include/leptonica/../../lib -lgomp conftest.cpp -lgomp -llept -ltesseract -lpthread -ltiff -ljpeg -lpng -lz  >&5
/usr/bin/ld: warning: libtiff.so.3, needed by /gpfs/home/wjb19/work/fig2xml/figstuff/src/ocropus-0.4/leptonica-1.68/include/leptonica/../../lib/liblept.so, may conflict with libtiff.so.5
configure:8530: $? = 0
configure:8536: ./conftest
./conftest: error while loading shared libraries: liblept.so.2: cannot open shared object file: No such file or directory
configure:8540: $? = 127
configure: program exited with status 127
configure: failed program was:
| /* confdefs.h.  */
| #define PACKAGE_NAME "ocropus"
| #define PACKAGE_TARNAME "ocropus"
| #define PACKAGE_VERSION "0.3"
| #define PACKAGE_STRING "ocropus 0.3"
| #define PACKAGE_BUGREPORT ""
| #define PACKAGE "ocropus"
| #define VERSION "0.3"
| #define STDC_HEADERS 1
| #define HAVE_SYS_WAIT_H 1
| #define HAVE_SYS_TYPES_H 1
| #define HAVE_SYS_STAT_H 1
| #define HAVE_STDLIB_H 1
| #define HAVE_STRING_H 1
| #define HAVE_MEMORY_H 1
| #define HAVE_STRINGS_H 1
| #define HAVE_INTTYPES_H 1
| #define HAVE_STDINT_H 1
| #define HAVE_UNISTD_H 1
| #define HAVE_FLOAT_H 1
| #define HAVE_MALLOC_H 1
| #define HAVE_STDINT_H 1
| #define HAVE_STDLIB_H 1
| #define HAVE_STRING_H 1
| #define HAVE_UNISTD_H 1
| #define HAVE_WCHAR_H 1
| #define HAVE_LIBZ 1
| #define HAVE_LIBPNG 1
| #define HAVE_LIBJPEG 1
| #define HAVE_LIBTIFF 1
| #define HAVE_LIBPTHREAD 1
| #define HAVE_LIBTESSERACT 1
| #define HAVE_LIBLEPT 1
| #define HAVE_LIBGOMP 1
| #define HAVE_FORK 1
| #define HAVE_VFORK 1
| /* end confdefs.h.  */
| #include <stdio.h>
| #ifdef HAVE_SYS_TYPES_H
| # include <sys/types.h>
| #endif
| #ifdef HAVE_SYS_STAT_H
| # include <sys/stat.h>
| #endif
| #ifdef STDC_HEADERS
| # include <stdlib.h>
| # include <stddef.h>
| #else
| # ifdef HAVE_STDLIB_H
| #  include <stdlib.h>
| # endif
| #endif
| #ifdef HAVE_STRING_H
| # if !defined STDC_HEADERS && defined HAVE_MEMORY_H
| #  include <memory.h>
| # endif
| # include <string.h>
| #endif
| #ifdef HAVE_STRINGS_H
| # include <strings.h>
| #endif
| #ifdef HAVE_INTTYPES_H
| # include <inttypes.h>
| #endif
| #ifdef HAVE_STDINT_H
| # include <stdint.h>
| #endif
| #ifdef HAVE_UNISTD_H
| # include <unistd.h>
| #endif
| int
| main ()
| {
| 
| 	  /* By Ruediger Kuhlmann. */
| 	  return fork () < 0;
| 
|   ;
|   return 0;
| }
configure:8557: result: no
configure:8578: checking for working vfork
configure:8719: result: yes
configure:8759: checking for dup2
configure:8815: g++ -o conftest -g -O2 -fopenmp  -L/gpfs/home/wjb19/work/fig2xml/figstuff/src/ocropus-0.4/tiff-4.0.1/lib -L/gpfs/home/wjb19/work/fig2xml/figstuff/src/ocropus-0.4/tesseract-ocr/lib -L/gpfs/home/wjb19/work/fig2xml/figstuff/src/ocropus-0.4/iulib-0.4/lib -L/gpfs/home/wjb19/work/fig2xml/figstuff/src/ocropus-0.4/tesseract-ocr/lib -L/gpfs/home/wjb19/work/fig2xml/figstuff/src/ocropus-0.4/iulib-0.4/lib -L/gpfs/home/wjb19/work/fig2xml/figstuff/src/ocropus-0.4/leptonica-1.68/include/leptonica/../../lib -lgomp conftest.cpp -lgomp -llept -ltesseract -lpthread -ltiff -ljpeg -lpng -lz  >&5
/usr/bin/ld: warning: libtiff.so.3, needed by /gpfs/home/wjb19/work/fig2xml/figstuff/src/ocropus-0.4/leptonica-1.68/include/leptonica/../../lib/liblept.so, may conflict with libtiff.so.5
configure:8822: $? = 0
configure:8844: result: yes
configure:8759: checking for memset
configure:8815: g++ -o conftest -g -O2 -fopenmp  -L/gpfs/home/wjb19/work/fig2xml/figstuff/src/ocropus-0.4/tiff-4.0.1/lib -L/gpfs/home/wjb19/work/fig2xml/figstuff/src/ocropus-0.4/tesseract-ocr/lib -L/gpfs/home/wjb19/work/fig2xml/figstuff/src/ocropus-0.4/iulib-0.4/lib -L/gpfs/home/wjb19/work/fig2xml/figstuff/src/ocropus-0.4/tesseract-ocr/lib -L/gpfs/home/wjb19/work/fig2xml/figstuff/src/ocropus-0.4/iulib-0.4/lib -L/gpfs/home/wjb19/work/fig2xml/figstuff/src/ocropus-0.4/leptonica-1.68/include/leptonica/../../lib -lgomp conftest.cpp -lgomp -llept -ltesseract -lpthread -ltiff -ljpeg -lpng -lz  >&5
/usr/bin/ld: warning: libtiff.so.3, needed by /gpfs/home/wjb19/work/fig2xml/figstuff/src/ocropus-0.4/leptonica-1.68/include/leptonica/../../lib/liblept.so, may conflict with libtiff.so.5
configure:8822: $? = 0
configure:8844: result: yes
configure:8759: checking for sqrt
configure:8815: g++ -o conftest -g -O2 -fopenmp  -L/gpfs/home/wjb19/work/fig2xml/figstuff/src/ocropus-0.4/tiff-4.0.1/lib -L/gpfs/home/wjb19/work/fig2xml/figstuff/src/ocropus-0.4/tesseract-ocr/lib -L/gpfs/home/wjb19/work/fig2xml/figstuff/src/ocropus-0.4/iulib-0.4/lib -L/gpfs/home/wjb19/work/fig2xml/figstuff/src/ocropus-0.4/tesseract-ocr/lib -L/gpfs/home/wjb19/work/fig2xml/figstuff/src/ocropus-0.4/iulib-0.4/lib -L/gpfs/home/wjb19/work/fig2xml/figstuff/src/ocropus-0.4/leptonica-1.68/include/leptonica/../../lib -lgomp conftest.cpp -lgomp -llept -ltesseract -lpthread -ltiff -ljpeg -lpng -lz  >&5
/usr/bin/ld: warning: libtiff.so.3, needed by /gpfs/home/wjb19/work/fig2xml/figstuff/src/ocropus-0.4/leptonica-1.68/include/leptonica/../../lib/liblept.so, may conflict with libtiff.so.5
configure:8822: $? = 0
configure:8844: result: yes
configure:8759: checking for strchr
configure:8815: g++ -o conftest -g -O2 -fopenmp  -L/gpfs/home/wjb19/work/fig2xml/figstuff/src/ocropus-0.4/tiff-4.0.1/lib -L/gpfs/home/wjb19/work/fig2xml/figstuff/src/ocropus-0.4/tesseract-ocr/lib -L/gpfs/home/wjb19/work/fig2xml/figstuff/src/ocropus-0.4/iulib-0.4/lib -L/gpfs/home/wjb19/work/fig2xml/figstuff/src/ocropus-0.4/tesseract-ocr/lib -L/gpfs/home/wjb19/work/fig2xml/figstuff/src/ocropus-0.4/iulib-0.4/lib -L/gpfs/home/wjb19/work/fig2xml/figstuff/src/ocropus-0.4/leptonica-1.68/include/leptonica/../../lib -lgomp conftest.cpp -lgomp -llept -ltesseract -lpthread -ltiff -ljpeg -lpng -lz  >&5
/usr/bin/ld: warning: libtiff.so.3, needed by /gpfs/home/wjb19/work/fig2xml/figstuff/src/ocropus-0.4/leptonica-1.68/include/leptonica/../../lib/liblept.so, may conflict with libtiff.so.5
configure:8822: $? = 0
configure:8844: result: yes
configure:8759: checking for strdup
configure:8815: g++ -o conftest -g -O2 -fopenmp  -L/gpfs/home/wjb19/work/fig2xml/figstuff/src/ocropus-0.4/tiff-4.0.1/lib -L/gpfs/home/wjb19/work/fig2xml/figstuff/src/ocropus-0.4/tesseract-ocr/lib -L/gpfs/home/wjb19/work/fig2xml/figstuff/src/ocropus-0.4/iulib-0.4/lib -L/gpfs/home/wjb19/work/fig2xml/figstuff/src/ocropus-0.4/tesseract-ocr/lib -L/gpfs/home/wjb19/work/fig2xml/figstuff/src/ocropus-0.4/iulib-0.4/lib -L/gpfs/home/wjb19/work/fig2xml/figstuff/src/ocropus-0.4/leptonica-1.68/include/leptonica/../../lib -lgomp conftest.cpp -lgomp -llept -ltesseract -lpthread -ltiff -ljpeg -lpng -lz  >&5
/usr/bin/ld: warning: libtiff.so.3, needed by /gpfs/home/wjb19/work/fig2xml/figstuff/src/ocropus-0.4/leptonica-1.68/include/leptonica/../../lib/liblept.so, may conflict with libtiff.so.5
configure:8822: $? = 0
configure:8844: result: yes
configure:8759: checking for strrchr
configure:8815: g++ -o conftest -g -O2 -fopenmp  -L/gpfs/home/wjb19/work/fig2xml/figstuff/src/ocropus-0.4/tiff-4.0.1/lib -L/gpfs/home/wjb19/work/fig2xml/figstuff/src/ocropus-0.4/tesseract-ocr/lib -L/gpfs/home/wjb19/work/fig2xml/figstuff/src/ocropus-0.4/iulib-0.4/lib -L/gpfs/home/wjb19/work/fig2xml/figstuff/src/ocropus-0.4/tesseract-ocr/lib -L/gpfs/home/wjb19/work/fig2xml/figstuff/src/ocropus-0.4/iulib-0.4/lib -L/gpfs/home/wjb19/work/fig2xml/figstuff/src/ocropus-0.4/leptonica-1.68/include/leptonica/../../lib -lgomp conftest.cpp -lgomp -llept -ltesseract -lpthread -ltiff -ljpeg -lpng -lz  >&5
/usr/bin/ld: warning: libtiff.so.3, needed by /gpfs/home/wjb19/work/fig2xml/figstuff/src/ocropus-0.4/leptonica-1.68/include/leptonica/../../lib/liblept.so, may conflict with libtiff.so.5
configure:8822: $? = 0
configure:8844: result: yes
configure:8881: g++ -o conftest -g -O2 -fopenmp  -L/gpfs/home/wjb19/work/fig2xml/figstuff/src/ocropus-0.4/tiff-4.0.1/lib -L/gpfs/home/wjb19/work/fig2xml/figstuff/src/ocropus-0.4/tesseract-ocr/lib -L/gpfs/home/wjb19/work/fig2xml/figstuff/src/ocropus-0.4/iulib-0.4/lib -L/gpfs/home/wjb19/work/fig2xml/figstuff/src/ocropus-0.4/tesseract-ocr/lib -L/gpfs/home/wjb19/work/fig2xml/figstuff/src/ocropus-0.4/iulib-0.4/lib -L/gpfs/home/wjb19/work/fig2xml/figstuff/src/ocropus-0.4/leptonica-1.68/include/leptonica/../../lib -lgomp -Wl,-E conftest.cpp -lgomp -llept -ltesseract -lpthread -ltiff -ljpeg -lpng -lz  >&5
/usr/bin/ld: warning: libtiff.so.3, needed by /gpfs/home/wjb19/work/fig2xml/figstuff/src/ocropus-0.4/leptonica-1.68/include/leptonica/../../lib/liblept.so, may conflict with libtiff.so.5
configure:8888: $? = 0
configure:9119: creating ./config.status

## ---------------------- ##
## Running config.status. ##
## ---------------------- ##

This file was extended by ocropus config.status 0.3, which was
generated by GNU Autoconf 2.63.  Invocation command line was

  CONFIG_FILES    = 
  CONFIG_HEADERS  = 
  CONFIG_LINKS    = 
  CONFIG_COMMANDS = 
  $ ./config.status 

on lionxf.rcc.psu.edu

config.status:734: creating Makefile
config.status:945: executing depfiles commands

## ---------------- ##
## Cache variables. ##
## ---------------- ##

ac_cv_c_compiler_gnu=yes
ac_cv_c_int64_t=yes
ac_cv_cxx_compiler_gnu=yes
ac_cv_env_CCC_set=
ac_cv_env_CCC_value=
ac_cv_env_CC_set=
ac_cv_env_CC_value=
ac_cv_env_CFLAGS_set=
ac_cv_env_CFLAGS_value=
ac_cv_env_CPPFLAGS_set=
ac_cv_env_CPPFLAGS_value=
ac_cv_env_CPP_set=
ac_cv_env_CPP_value=
ac_cv_env_CXXCPP_set=
ac_cv_env_CXXCPP_value=
ac_cv_env_CXXFLAGS_set=
ac_cv_env_CXXFLAGS_value=
ac_cv_env_CXX_set=
ac_cv_env_CXX_value=
ac_cv_env_LDFLAGS_set=set
ac_cv_env_LDFLAGS_value='-L/gpfs/home/wjb19/work/fig2xml/figstuff/src/ocropus-0.4/tiff-4.0.1/lib -L/gpfs/home/wjb19/work/fig2xml/figstuff/src/ocropus-0.4/tesseract-ocr/lib -L/gpfs/home/wjb19/work/fig2xml/figstuff/src/ocropus-0.4/iulib-0.4/lib'
ac_cv_env_LIBS_set=
ac_cv_env_LIBS_value=
ac_cv_env_build_alias_set=
ac_cv_env_build_alias_value=
ac_cv_env_colibheaders_set=
ac_cv_env_colibheaders_value=
ac_cv_env_host_alias_set=
ac_cv_env_host_alias_value=
ac_cv_env_iulibheaders_set=
ac_cv_env_iulibheaders_value=
ac_cv_env_iuliblibs_set=
ac_cv_env_iuliblibs_value=
ac_cv_env_leptheaders_set=set
ac_cv_env_leptheaders_value=/gpfs/home/wjb19/work/fig2xml/figstuff/src/ocropus-0.4/leptonica-1.68/include/leptonica
ac_cv_env_target_alias_set=
ac_cv_env_target_alias_value=
ac_cv_env_tessheaders_set=
ac_cv_env_tessheaders_value=
ac_cv_env_tesslibs_set=
ac_cv_env_tesslibs_value=
ac_cv_file__gpfs_home_wjb19_work_fig2xml_figstuff_src_ocropus_0_4_iulib_0_4_include_iulib_imgio_h=yes
ac_cv_file__gpfs_home_wjb19_work_fig2xml_figstuff_src_ocropus_0_4_tesseract_ocr_include_tesseract_baseapi_h=yes
ac_cv_func_dup2=yes
ac_cv_func_fork=yes
ac_cv_func_fork_works=no
ac_cv_func_memset=yes
ac_cv_func_sqrt=yes
ac_cv_func_strchr=yes
ac_cv_func_strdup=yes
ac_cv_func_strrchr=yes
ac_cv_func_vfork=yes
ac_cv_func_vfork_works=yes
ac_cv_header__gpfs_home_wjb19_work_fig2xml_figstuff_src_ocropus_0_4_leptonica_1_68_include_leptonica_allheaders_h=yes
ac_cv_header_float_h=yes
ac_cv_header_inttypes_h=yes
ac_cv_header_jpeglib_h=yes
ac_cv_header_malloc_h=yes
ac_cv_header_memory_h=yes
ac_cv_header_png_h=yes
ac_cv_header_stdc=yes
ac_cv_header_stdint_h=yes
ac_cv_header_stdlib_h=yes
ac_cv_header_string_h=yes
ac_cv_header_strings_h=yes
ac_cv_header_sys_stat_h=yes
ac_cv_header_sys_types_h=yes
ac_cv_header_sys_wait_h=yes
ac_cv_header_unistd_h=yes
ac_cv_header_vfork_h=no
ac_cv_header_wchar_h=yes
ac_cv_lib_blas_exit=no
ac_cv_lib_gomp_GOMP_parallel_start=yes
ac_cv_lib_gsl_gsl_error=no
ac_cv_lib_gslcblas_abort=no
ac_cv_lib_jpeg_jpeg_std_error=yes
ac_cv_lib_lept_pixCreate=yes
ac_cv_lib_png_png_sig_cmp=yes
ac_cv_lib_pthread_pthread_create=yes
ac_cv_lib_tesseract_err_exit=yes
ac_cv_lib_tiff_TIFFOpen=yes
ac_cv_lib_z_compress=yes
ac_cv_objext=o
ac_cv_path_EGREP='/bin/grep -E'
ac_cv_path_GREP=/bin/grep
ac_cv_path_install='/usr/bin/install -c'
ac_cv_path_mkdir=/bin/mkdir
ac_cv_prog_AWK=gawk
ac_cv_prog_CPP='gcc -E'
ac_cv_prog_ac_ct_CC=gcc
ac_cv_prog_ac_ct_CXX=g++
ac_cv_prog_ac_ct_RANLIB=ranlib
ac_cv_prog_cc_c89=
ac_cv_prog_cc_g=yes
ac_cv_prog_cxx_g=yes
ac_cv_prog_make_make_set=yes
ac_cv_type_pid_t=yes
ac_cv_use_fst=no
ac_cv_use_openmp=yes
ac_cv_use_sdl=no
am_cv_CC_dependencies_compiler_type=gcc3
am_cv_CXX_dependencies_compiler_type=gcc3

## ----------------- ##
## Output variables. ##
## ----------------- ##

ACLOCAL='${SHELL} /gpfs/home/wjb19/work/fig2xml/figstuff/src/ocropus-0.4/ocropus/missing --run aclocal-1.11'
AMDEPBACKSLASH='\'
AMDEP_FALSE='#'
AMDEP_TRUE=''
AMTAR='${SHELL} /gpfs/home/wjb19/work/fig2xml/figstuff/src/ocropus-0.4/ocropus/missing --run tar'
AUTOCONF='${SHELL} /gpfs/home/wjb19/work/fig2xml/figstuff/src/ocropus-0.4/ocropus/missing --run autoconf'
AUTOHEADER='${SHELL} /gpfs/home/wjb19/work/fig2xml/figstuff/src/ocropus-0.4/ocropus/missing --run autoheader'
AUTOMAKE='${SHELL} /gpfs/home/wjb19/work/fig2xml/figstuff/src/ocropus-0.4/ocropus/missing --run automake-1.11'
AWK='gawk'
CC='gcc'
CCDEPMODE='depmode=gcc3'
CFLAGS='-g -O2'
CPP='gcc -E'
CPPFLAGS=''
CXX='g++'
CXXCPP=''
CXXDEPMODE='depmode=gcc3'
CXXFLAGS='-g -O2 -fopenmp'
CYGPATH_W='echo'
DEFS='-DPACKAGE_NAME=\"ocropus\" -DPACKAGE_TARNAME=\"ocropus\" -DPACKAGE_VERSION=\"0.3\" -DPACKAGE_STRING=\"ocropus\ 0.3\" -DPACKAGE_BUGREPORT=\"\" -DPACKAGE=\"ocropus\" -DVERSION=\"0.3\" -DSTDC_HEADERS=1 -DHAVE_SYS_WAIT_H=1 -DHAVE_SYS_TYPES_H=1 -DHAVE_SYS_STAT_H=1 -DHAVE_STDLIB_H=1 -DHAVE_STRING_H=1 -DHAVE_MEMORY_H=1 -DHAVE_STRINGS_H=1 -DHAVE_INTTYPES_H=1 -DHAVE_STDINT_H=1 -DHAVE_UNISTD_H=1 -DHAVE_FLOAT_H=1 -DHAVE_MALLOC_H=1 -DHAVE_STDINT_H=1 -DHAVE_STDLIB_H=1 -DHAVE_STRING_H=1 -DHAVE_UNISTD_H=1 -DHAVE_WCHAR_H=1 -DHAVE_LIBZ=1 -DHAVE_LIBPNG=1 -DHAVE_LIBJPEG=1 -DHAVE_LIBTIFF=1 -DHAVE_LIBPTHREAD=1 -DHAVE_LIBTESSERACT=1 -DHAVE_LIBLEPT=1 -DHAVE_LIBGOMP=1 -DHAVE_FORK=1 -DHAVE_VFORK=1 -DHAVE_WORKING_VFORK=1 -DHAVE_DUP2=1 -DHAVE_MEMSET=1 -DHAVE_SQRT=1 -DHAVE_STRCHR=1 -DHAVE_STRDUP=1 -DHAVE_STRRCHR=1'
DEPDIR='.deps'
ECHO_C=''
ECHO_N='-n'
ECHO_T=''
EGREP='/bin/grep -E'
EXEEXT=''
GREP='/bin/grep'
INSTALL_DATA='${INSTALL} -m 644'
INSTALL_PROGRAM='${INSTALL}'
INSTALL_SCRIPT='${INSTALL}'
INSTALL_STRIP_PROGRAM='$(install_sh) -c -s'
LDFLAGS='-L/gpfs/home/wjb19/work/fig2xml/figstuff/src/ocropus-0.4/tiff-4.0.1/lib -L/gpfs/home/wjb19/work/fig2xml/figstuff/src/ocropus-0.4/tesseract-ocr/lib -L/gpfs/home/wjb19/work/fig2xml/figstuff/src/ocropus-0.4/iulib-0.4/lib -L/gpfs/home/wjb19/work/fig2xml/figstuff/src/ocropus-0.4/tesseract-ocr/lib -L/gpfs/home/wjb19/work/fig2xml/figstuff/src/ocropus-0.4/iulib-0.4/lib -L/gpfs/home/wjb19/work/fig2xml/figstuff/src/ocropus-0.4/leptonica-1.68/include/leptonica/../../lib -lgomp -Wl,-E'
LIBOBJS=''
LIBS='-lgomp -llept -ltesseract -lpthread -ltiff -ljpeg -lpng -lz '
LTLIBOBJS=''
MAKEINFO='${SHELL} /gpfs/home/wjb19/work/fig2xml/figstuff/src/ocropus-0.4/ocropus/missing --run makeinfo'
MKDIR_P='/bin/mkdir -p'
OBJEXT='o'
PACKAGE='ocropus'
PACKAGE_BUGREPORT=''
PACKAGE_NAME='ocropus'
PACKAGE_STRING='ocropus 0.3'
PACKAGE_TARNAME='ocropus'
PACKAGE_VERSION='0.3'
PATH_SEPARATOR=':'
RANLIB='ranlib'
SET_MAKE=''
SHELL='/bin/sh'
STRIP=''
VERSION='0.3'
ac_ct_CC='gcc'
ac_ct_CXX='g++'
am__EXEEXT_FALSE=''
am__EXEEXT_TRUE='#'
am__fastdepCC_FALSE='#'
am__fastdepCC_TRUE=''
am__fastdepCXX_FALSE='#'
am__fastdepCXX_TRUE=''
am__include='include'
am__isrc=''
am__leading_dot='.'
am__quote=''
am__tar='${AMTAR} chof - "$$tardir"'
am__untar='${AMTAR} xf -'
bindir='${exec_prefix}/bin'
build_alias=''
colibheaders=''
datadir='${datarootdir}'
datarootdir='${prefix}/share'
docdir='${datarootdir}/doc/${PACKAGE_TARNAME}'
dvidir='${docdir}'
exec_prefix='${prefix}'
host_alias=''
htmldir='${docdir}'
includedir='${prefix}/include'
infodir='${datarootdir}/info'
install_sh='${SHELL} /gpfs/home/wjb19/work/fig2xml/figstuff/src/ocropus-0.4/ocropus/install-sh'
iulib_prefix='/gpfs/home/wjb19/work/fig2xml/figstuff/src/ocropus-0.4/iulib-0.4'
iulibheaders='/gpfs/home/wjb19/work/fig2xml/figstuff/src/ocropus-0.4/iulib-0.4/include'
iuliblibs='/gpfs/home/wjb19/work/fig2xml/figstuff/src/ocropus-0.4/iulib-0.4/lib'
leptheaders='/gpfs/home/wjb19/work/fig2xml/figstuff/src/ocropus-0.4/leptonica-1.68/include/leptonica'
libdir='${exec_prefix}/lib'
libexecdir='${exec_prefix}/libexec'
localedir='${datarootdir}/locale'
localstatedir='${prefix}/var'
mandir='${datarootdir}/man'
mkdir_p='/bin/mkdir -p'
nofst='1'
nofst_FALSE='#'
nofst_TRUE=''
noopenmp=''
noopenmp_FALSE=''
noopenmp_TRUE='#'
noposix=''
nosdl='1'
nosdl_FALSE='#'
nosdl_TRUE=''
notesseract=''
notesseract_FALSE=''
notesseract_TRUE='#'
oldincludedir='/usr/include'
pdfdir='${docdir}'
prefix='/gpfs/home/wjb19/work/fig2xml/figstuff/src/ocropus-0.4/ocropus'
program_transform_name='s,x,x,'
psdir='${docdir}'
sbindir='${exec_prefix}/sbin'
sharedstatedir='${prefix}/com'
sysconfdir='${prefix}/etc'
target_alias=''
tesseract_prefix='/gpfs/home/wjb19/work/fig2xml/figstuff/src/ocropus-0.4/tesseract-ocr'
tessheaders='/gpfs/home/wjb19/work/fig2xml/figstuff/src/ocropus-0.4/tesseract-ocr/include/tesseract'
tesslibs='/gpfs/home/wjb19/work/fig2xml/figstuff/src/ocropus-0.4/tesseract-ocr/lib'
use_gsl='no'
use_gsl_FALSE=''
use_gsl_TRUE='#'
use_leptonica='yes'
use_leptonica_FALSE='#'
use_leptonica_TRUE=''

## ----------- ##
## confdefs.h. ##
## ----------- ##

#define PACKAGE_NAME "ocropus"
#define PACKAGE_TARNAME "ocropus"
#define PACKAGE_VERSION "0.3"
#define PACKAGE_STRING "ocropus 0.3"
#define PACKAGE_BUGREPORT ""
#define PACKAGE "ocropus"
#define VERSION "0.3"
#define STDC_HEADERS 1
#define HAVE_SYS_WAIT_H 1
#define HAVE_SYS_TYPES_H 1
#define HAVE_SYS_STAT_H 1
#define HAVE_STDLIB_H 1
#define HAVE_STRING_H 1
#define HAVE_MEMORY_H 1
#define HAVE_STRINGS_H 1
#define HAVE_INTTYPES_H 1
#define HAVE_STDINT_H 1
#define HAVE_UNISTD_H 1
#define HAVE_FLOAT_H 1
#define HAVE_MALLOC_H 1
#define HAVE_STDINT_H 1
#define HAVE_STDLIB_H 1
#define HAVE_STRING_H 1
#define HAVE_UNISTD_H 1
#define HAVE_WCHAR_H 1
#define HAVE_LIBZ 1
#define HAVE_LIBPNG 1
#define HAVE_LIBJPEG 1
#define HAVE_LIBTIFF 1
#define HAVE_LIBPTHREAD 1
#define HAVE_LIBTESSERACT 1
#define HAVE_LIBLEPT 1
#define HAVE_LIBGOMP 1
#define HAVE_FORK 1
#define HAVE_VFORK 1
#define HAVE_WORKING_VFORK 1
#define HAVE_DUP2 1
#define HAVE_MEMSET 1
#define HAVE_SQRT 1
#define HAVE_STRCHR 1
#define HAVE_STRDUP 1
#define HAVE_STRRCHR 1

configure: exit 0
