This file contains any messages produced by compilers while
running configure, to aid debugging if configure makes a mistake.

It was created by iulib configure 0.3, which was
generated by GNU Autoconf 2.63.  Invocation command line was

  $ ./configure --prefix=/gpfs/home/wjb19/work/fig2xml/figstuff/src/ocropus-0.4/iulib-0.4/ LIBS=-L/gpfs/home/wjb19/work/fig2xml/figstuff/src/ocropus-0.4/tiff-4.0.1/lib CPPFLAGS=-I/gpfs/home/wjb19/work/fig2xml/figstuff/src/ocropus-0.4/tiff-4.0.1/include

## --------- ##
## Platform. ##
## --------- ##

hostname = lionga.rcc.psu.edu
uname -m = x86_64
uname -r = 2.6.32-131.17.1.el6.x86_64
uname -s = Linux
uname -v = #1 SMP Thu Sep 29 10:24:25 EDT 2011

/usr/bin/uname -p = unknown
/bin/uname -X     = unknown

/bin/arch              = x86_64
/usr/bin/arch -k       = unknown
/usr/convex/getsysinfo = unknown
/usr/bin/hostinfo      = unknown
/bin/machine           = unknown
/usr/bin/oslevel       = unknown
/bin/universe          = unknown

PATH: /gpfs/home/wjb19/work/figstuff/src/ocropus-0.4/leptonica-1.68/bin
PATH: /gpfs/home/wjb19/work/figstuff/src/ocropus-0.4/leptonica-1.68/bin
PATH: /usr/lib64/qt-3.3/bin
PATH: /usr/global/pgi/11.7/linux86-64/11.7/bin
PATH: /usr/global/intel/parallel_studio_xe/2011.4/bin
PATH: /usr/global/java/jdk1.6.0_26/bin
PATH: /usr/global/bin
PATH: /usr/local/moab/bin
PATH: /usr/lpp/mmfs/bin
PATH: /usr/local/bin
PATH: /bin
PATH: /usr/bin
PATH: /usr/local/sbin
PATH: /usr/sbin
PATH: /sbin
PATH: /gpfs/home/wjb19/bin


## ----------- ##
## Core tests. ##
## ----------- ##

configure:1899: checking for a BSD-compatible install
configure:1967: result: /usr/bin/install -c
configure:1978: checking whether build environment is sane
configure:2038: result: yes
configure:2179: checking for a thread-safe mkdir -p
configure:2218: result: /bin/mkdir -p
configure:2231: checking for gawk
configure:2247: found /bin/gawk
configure:2258: result: gawk
configure:2269: checking whether make sets $(MAKE)
configure:2291: result: yes
configure:2433: checking for g++
configure:2449: found /usr/bin/g++
configure:2460: result: g++
configure:2487: checking for C++ compiler version
configure:2495: g++ --version >&5
g++ (GCC) 4.4.5 20110214 (Red Hat 4.4.5-6)
Copyright (C) 2010 Free Software Foundation, Inc.
This is free software; see the source for copying conditions.  There is NO
warranty; not even for MERCHANTABILITY or FITNESS FOR A PARTICULAR PURPOSE.

configure:2499: $? = 0
configure:2506: g++ -v >&5
Using built-in specs.
Target: x86_64-redhat-linux
Configured with: ../configure --prefix=/usr --mandir=/usr/share/man --infodir=/usr/share/info --with-bugurl=http://bugzilla.redhat.com/bugzilla --enable-bootstrap --enable-shared --enable-threads=posix --enable-checking=release --with-system-zlib --enable-__cxa_atexit --disable-libunwind-exceptions --enable-gnu-unique-object --enable-languages=c,c++,objc,obj-c++,java,fortran,ada --enable-java-awt=gtk --disable-dssi --with-java-home=/usr/lib/jvm/java-1.5.0-gcj-1.5.0.0/jre --enable-libgcj-multifile --enable-java-maintainer-mode --with-ecj-jar=/usr/share/java/eclipse-ecj.jar --disable-libjava-multilib --with-ppl --with-cloog --with-tune=generic --with-arch_32=i686 --build=x86_64-redhat-linux
Thread model: posix
gcc version 4.4.5 20110214 (Red Hat 4.4.5-6) (GCC) 
configure:2510: $? = 0
configure:2517: g++ -V >&5
g++: '-V' option must have argument
configure:2521: $? = 1
configure:2544: checking for C++ compiler default output file name
configure:2566: g++  -I/gpfs/home/wjb19/work/fig2xml/figstuff/src/ocropus-0.4/tiff-4.0.1/include  conftest.cpp -L/gpfs/home/wjb19/work/fig2xml/figstuff/src/ocropus-0.4/tiff-4.0.1/lib >&5
configure:2570: $? = 0
configure:2608: result: a.out
configure:2627: checking whether the C++ compiler works
configure:2637: ./a.out
configure:2641: $? = 0
configure:2660: result: yes
configure:2667: checking whether we are cross compiling
configure:2669: result: no
configure:2672: checking for suffix of executables
configure:2679: g++ -o conftest  -I/gpfs/home/wjb19/work/fig2xml/figstuff/src/ocropus-0.4/tiff-4.0.1/include  conftest.cpp -L/gpfs/home/wjb19/work/fig2xml/figstuff/src/ocropus-0.4/tiff-4.0.1/lib >&5
configure:2683: $? = 0
configure:2709: result: 
configure:2715: checking for suffix of object files
configure:2741: g++ -c  -I/gpfs/home/wjb19/work/fig2xml/figstuff/src/ocropus-0.4/tiff-4.0.1/include conftest.cpp >&5
configure:2745: $? = 0
configure:2770: result: o
configure:2774: checking whether we are using the GNU C++ compiler
configure:2803: g++ -c  -I/gpfs/home/wjb19/work/fig2xml/figstuff/src/ocropus-0.4/tiff-4.0.1/include conftest.cpp >&5
configure:2810: $? = 0
configure:2827: result: yes
configure:2836: checking whether g++ accepts -g
configure:2866: g++ -c -g -I/gpfs/home/wjb19/work/fig2xml/figstuff/src/ocropus-0.4/tiff-4.0.1/include conftest.cpp >&5
configure:2873: $? = 0
configure:2974: result: yes
configure:3008: checking for style of include used by make
configure:3036: result: GNU
configure:3061: checking dependency style of g++
configure:3171: result: gcc3
configure:3234: checking for gcc
configure:3250: found /usr/bin/gcc
configure:3261: result: gcc
configure:3493: checking for C compiler version
configure:3501: gcc --version >&5
gcc (GCC) 4.4.5 20110214 (Red Hat 4.4.5-6)
Copyright (C) 2010 Free Software Foundation, Inc.
This is free software; see the source for copying conditions.  There is NO
warranty; not even for MERCHANTABILITY or FITNESS FOR A PARTICULAR PURPOSE.

configure:3505: $? = 0
configure:3512: gcc -v >&5
Using built-in specs.
Target: x86_64-redhat-linux
Configured with: ../configure --prefix=/usr --mandir=/usr/share/man --infodir=/usr/share/info --with-bugurl=http://bugzilla.redhat.com/bugzilla --enable-bootstrap --enable-shared --enable-threads=posix --enable-checking=release --with-system-zlib --enable-__cxa_atexit --disable-libunwind-exceptions --enable-gnu-unique-object --enable-languages=c,c++,objc,obj-c++,java,fortran,ada --enable-java-awt=gtk --disable-dssi --with-java-home=/usr/lib/jvm/java-1.5.0-gcj-1.5.0.0/jre --enable-libgcj-multifile --enable-java-maintainer-mode --with-ecj-jar=/usr/share/java/eclipse-ecj.jar --disable-libjava-multilib --with-ppl --with-cloog --with-tune=generic --with-arch_32=i686 --build=x86_64-redhat-linux
Thread model: posix
gcc version 4.4.5 20110214 (Red Hat 4.4.5-6) (GCC) 
configure:3516: $? = 0
configure:3523: gcc -V >&5
gcc: '-V' option must have argument
configure:3527: $? = 1
configure:3530: checking whether we are using the GNU C compiler
configure:3559: gcc -c  -I/gpfs/home/wjb19/work/fig2xml/figstuff/src/ocropus-0.4/tiff-4.0.1/include conftest.c >&5
configure:3566: $? = 0
configure:3583: result: yes
configure:3592: checking whether gcc accepts -g
configure:3622: gcc -c -g -I/gpfs/home/wjb19/work/fig2xml/figstuff/src/ocropus-0.4/tiff-4.0.1/include conftest.c >&5
configure:3629: $? = 0
configure:3730: result: yes
configure:3747: checking for gcc option to accept ISO C89
configure:3821: gcc  -c -g -O2 -I/gpfs/home/wjb19/work/fig2xml/figstuff/src/ocropus-0.4/tiff-4.0.1/include conftest.c >&5
configure:3828: $? = 0
configure:3851: result: none needed
configure:3871: checking dependency style of gcc
configure:3981: result: gcc3
configure:4039: checking for ranlib
configure:4055: found /usr/bin/ranlib
configure:4066: result: ranlib
configure:4095: checking how to run the C preprocessor
configure:4135: gcc -E -I/gpfs/home/wjb19/work/fig2xml/figstuff/src/ocropus-0.4/tiff-4.0.1/include conftest.c
configure:4142: $? = 0
configure:4173: gcc -E -I/gpfs/home/wjb19/work/fig2xml/figstuff/src/ocropus-0.4/tiff-4.0.1/include conftest.c
conftest.c:10:28: error: ac_nonexistent.h: No such file or directory
configure:4180: $? = 1
configure: failed program was:
| /* confdefs.h.  */
| #define PACKAGE_NAME "iulib"
| #define PACKAGE_TARNAME "iulib"
| #define PACKAGE_VERSION "0.3"
| #define PACKAGE_STRING "iulib 0.3"
| #define PACKAGE_BUGREPORT ""
| #define PACKAGE "iulib"
| #define VERSION "0.3"
| /* end confdefs.h.  */
| #include <ac_nonexistent.h>
configure:4213: result: gcc -E
configure:4242: gcc -E -I/gpfs/home/wjb19/work/fig2xml/figstuff/src/ocropus-0.4/tiff-4.0.1/include conftest.c
configure:4249: $? = 0
configure:4280: gcc -E -I/gpfs/home/wjb19/work/fig2xml/figstuff/src/ocropus-0.4/tiff-4.0.1/include conftest.c
conftest.c:10:28: error: ac_nonexistent.h: No such file or directory
configure:4287: $? = 1
configure: failed program was:
| /* confdefs.h.  */
| #define PACKAGE_NAME "iulib"
| #define PACKAGE_TARNAME "iulib"
| #define PACKAGE_VERSION "0.3"
| #define PACKAGE_STRING "iulib 0.3"
| #define PACKAGE_BUGREPORT ""
| #define PACKAGE "iulib"
| #define VERSION "0.3"
| /* end confdefs.h.  */
| #include <ac_nonexistent.h>
configure:4327: checking for grep that handles long lines and -e
configure:4387: result: /bin/grep
configure:4392: checking for egrep
configure:4456: result: /bin/grep -E
configure:4461: checking for ANSI C header files
configure:4491: gcc -c -g -O2 -I/gpfs/home/wjb19/work/fig2xml/figstuff/src/ocropus-0.4/tiff-4.0.1/include conftest.c >&5
configure:4498: $? = 0
configure:4597: gcc -o conftest -g -O2 -I/gpfs/home/wjb19/work/fig2xml/figstuff/src/ocropus-0.4/tiff-4.0.1/include  conftest.c -L/gpfs/home/wjb19/work/fig2xml/figstuff/src/ocropus-0.4/tiff-4.0.1/lib >&5
configure:4601: $? = 0
configure:4607: ./conftest
configure:4611: $? = 0
configure:4629: result: yes
configure:4639: checking for sys/wait.h that is POSIX.1 compatible
configure:4675: gcc -c -g -O2 -I/gpfs/home/wjb19/work/fig2xml/figstuff/src/ocropus-0.4/tiff-4.0.1/include conftest.c >&5
configure:4682: $? = 0
configure:4697: result: yes
configure:4721: checking for sys/types.h
configure:4742: gcc -c -g -O2 -I/gpfs/home/wjb19/work/fig2xml/figstuff/src/ocropus-0.4/tiff-4.0.1/include conftest.c >&5
configure:4749: $? = 0
configure:4766: result: yes
configure:4721: checking for sys/stat.h
configure:4742: gcc -c -g -O2 -I/gpfs/home/wjb19/work/fig2xml/figstuff/src/ocropus-0.4/tiff-4.0.1/include conftest.c >&5
configure:4749: $? = 0
configure:4766: result: yes
configure:4721: checking for stdlib.h
configure:4742: gcc -c -g -O2 -I/gpfs/home/wjb19/work/fig2xml/figstuff/src/ocropus-0.4/tiff-4.0.1/include conftest.c >&5
configure:4749: $? = 0
configure:4766: result: yes
configure:4721: checking for string.h
configure:4742: gcc -c -g -O2 -I/gpfs/home/wjb19/work/fig2xml/figstuff/src/ocropus-0.4/tiff-4.0.1/include conftest.c >&5
configure:4749: $? = 0
configure:4766: result: yes
configure:4721: checking for memory.h
configure:4742: gcc -c -g -O2 -I/gpfs/home/wjb19/work/fig2xml/figstuff/src/ocropus-0.4/tiff-4.0.1/include conftest.c >&5
configure:4749: $? = 0
configure:4766: result: yes
configure:4721: checking for strings.h
configure:4742: gcc -c -g -O2 -I/gpfs/home/wjb19/work/fig2xml/figstuff/src/ocropus-0.4/tiff-4.0.1/include conftest.c >&5
configure:4749: $? = 0
configure:4766: result: yes
configure:4721: checking for inttypes.h
configure:4742: gcc -c -g -O2 -I/gpfs/home/wjb19/work/fig2xml/figstuff/src/ocropus-0.4/tiff-4.0.1/include conftest.c >&5
configure:4749: $? = 0
configure:4766: result: yes
configure:4721: checking for stdint.h
configure:4742: gcc -c -g -O2 -I/gpfs/home/wjb19/work/fig2xml/figstuff/src/ocropus-0.4/tiff-4.0.1/include conftest.c >&5
configure:4749: $? = 0
configure:4766: result: yes
configure:4721: checking for unistd.h
configure:4742: gcc -c -g -O2 -I/gpfs/home/wjb19/work/fig2xml/figstuff/src/ocropus-0.4/tiff-4.0.1/include conftest.c >&5
configure:4749: $? = 0
configure:4766: result: yes
configure:4802: checking float.h usability
configure:4819: gcc -c -g -O2 -I/gpfs/home/wjb19/work/fig2xml/figstuff/src/ocropus-0.4/tiff-4.0.1/include conftest.c >&5
configure:4826: $? = 0
configure:4840: result: yes
configure:4844: checking float.h presence
configure:4859: gcc -E -I/gpfs/home/wjb19/work/fig2xml/figstuff/src/ocropus-0.4/tiff-4.0.1/include conftest.c
configure:4866: $? = 0
configure:4880: result: yes
configure:4908: checking for float.h
configure:4917: result: yes
configure:4802: checking malloc.h usability
configure:4819: gcc -c -g -O2 -I/gpfs/home/wjb19/work/fig2xml/figstuff/src/ocropus-0.4/tiff-4.0.1/include conftest.c >&5
configure:4826: $? = 0
configure:4840: result: yes
configure:4844: checking malloc.h presence
configure:4859: gcc -E -I/gpfs/home/wjb19/work/fig2xml/figstuff/src/ocropus-0.4/tiff-4.0.1/include conftest.c
configure:4866: $? = 0
configure:4880: result: yes
configure:4908: checking for malloc.h
configure:4917: result: yes
configure:4791: checking for stdint.h
configure:4798: result: yes
configure:4791: checking for stdlib.h
configure:4798: result: yes
configure:4791: checking for string.h
configure:4798: result: yes
configure:4791: checking for unistd.h
configure:4798: result: yes
configure:4802: checking wchar.h usability
configure:4819: gcc -c -g -O2 -I/gpfs/home/wjb19/work/fig2xml/figstuff/src/ocropus-0.4/tiff-4.0.1/include conftest.c >&5
configure:4826: $? = 0
configure:4840: result: yes
configure:4844: checking wchar.h presence
configure:4859: gcc -E -I/gpfs/home/wjb19/work/fig2xml/figstuff/src/ocropus-0.4/tiff-4.0.1/include conftest.c
configure:4866: $? = 0
configure:4880: result: yes
configure:4908: checking for wchar.h
configure:4917: result: yes
configure:4935: checking for unistd.h
configure:4940: result: yes
configure:5072: checking for compress in -lz
configure:5107: gcc -o conftest -g -O2 -I/gpfs/home/wjb19/work/fig2xml/figstuff/src/ocropus-0.4/tiff-4.0.1/include  conftest.c -lz  -L/gpfs/home/wjb19/work/fig2xml/figstuff/src/ocropus-0.4/tiff-4.0.1/lib >&5
configure:5114: $? = 0
configure:5135: result: yes
configure:5162: checking png.h usability
configure:5179: gcc -c -g -O2 -I/gpfs/home/wjb19/work/fig2xml/figstuff/src/ocropus-0.4/tiff-4.0.1/include conftest.c >&5
configure:5186: $? = 0
configure:5200: result: yes
configure:5204: checking png.h presence
configure:5219: gcc -E -I/gpfs/home/wjb19/work/fig2xml/figstuff/src/ocropus-0.4/tiff-4.0.1/include conftest.c
configure:5226: $? = 0
configure:5240: result: yes
configure:5268: checking for png.h
configure:5275: result: yes
configure:5289: checking for png_sig_cmp in -lpng
configure:5324: gcc -o conftest -g -O2 -I/gpfs/home/wjb19/work/fig2xml/figstuff/src/ocropus-0.4/tiff-4.0.1/include  conftest.c -lpng  -lz -L/gpfs/home/wjb19/work/fig2xml/figstuff/src/ocropus-0.4/tiff-4.0.1/lib >&5
configure:5331: $? = 0
configure:5352: result: yes
configure:5379: checking jpeglib.h usability
configure:5396: gcc -c -g -O2 -I/gpfs/home/wjb19/work/fig2xml/figstuff/src/ocropus-0.4/tiff-4.0.1/include conftest.c >&5
configure:5403: $? = 0
configure:5417: result: yes
configure:5421: checking jpeglib.h presence
configure:5436: gcc -E -I/gpfs/home/wjb19/work/fig2xml/figstuff/src/ocropus-0.4/tiff-4.0.1/include conftest.c
configure:5443: $? = 0
configure:5457: result: yes
configure:5485: checking for jpeglib.h
configure:5492: result: yes
configure:5506: checking for jpeg_std_error in -ljpeg
configure:5541: gcc -o conftest -g -O2 -I/gpfs/home/wjb19/work/fig2xml/figstuff/src/ocropus-0.4/tiff-4.0.1/include  conftest.c -ljpeg  -lpng -lz -L/gpfs/home/wjb19/work/fig2xml/figstuff/src/ocropus-0.4/tiff-4.0.1/lib >&5
configure:5548: $? = 0
configure:5569: result: yes
configure:5587: checking for TIFFOpen in -ltiff
configure:5622: gcc -o conftest -g -O2 -I/gpfs/home/wjb19/work/fig2xml/figstuff/src/ocropus-0.4/tiff-4.0.1/include  conftest.c -ltiff  -ljpeg -lpng -lz -L/gpfs/home/wjb19/work/fig2xml/figstuff/src/ocropus-0.4/tiff-4.0.1/lib >&5
configure:5629: $? = 0
configure:5650: result: yes
configure:5677: checking for SDL_Init in -lSDL
configure:5712: gcc -o conftest -g -O2 -I/gpfs/home/wjb19/work/fig2xml/figstuff/src/ocropus-0.4/tiff-4.0.1/include  conftest.c -lSDL  -ltiff -ljpeg -lpng -lz -L/gpfs/home/wjb19/work/fig2xml/figstuff/src/ocropus-0.4/tiff-4.0.1/lib >&5
/usr/bin/ld: cannot find -lSDL
collect2: ld returned 1 exit status
configure:5719: $? = 1
configure: failed program was:
| /* confdefs.h.  */
| #define PACKAGE_NAME "iulib"
| #define PACKAGE_TARNAME "iulib"
| #define PACKAGE_VERSION "0.3"
| #define PACKAGE_STRING "iulib 0.3"
| #define PACKAGE_BUGREPORT ""
| #define PACKAGE "iulib"
| #define VERSION "0.3"
| #define STDC_HEADERS 1
| #define HAVE_SYS_WAIT_H 1
| #define HAVE_SYS_TYPES_H 1
| #define HAVE_SYS_STAT_H 1
| #define HAVE_STDLIB_H 1
| #define HAVE_STRING_H 1
| #define HAVE_MEMORY_H 1
| #define HAVE_STRINGS_H 1
| #define HAVE_INTTYPES_H 1
| #define HAVE_STDINT_H 1
| #define HAVE_UNISTD_H 1
| #define HAVE_FLOAT_H 1
| #define HAVE_MALLOC_H 1
| #define HAVE_STDINT_H 1
| #define HAVE_STDLIB_H 1
| #define HAVE_STRING_H 1
| #define HAVE_UNISTD_H 1
| #define HAVE_WCHAR_H 1
| #define HAVE_LIBZ 1
| #define HAVE_LIBPNG 1
| #define HAVE_LIBJPEG 1
| #define HAVE_LIBTIFF 1
| /* end confdefs.h.  */
| 
| /* Override any GCC internal prototype to avoid an error.
|    Use char because int might match the return type of a GCC
|    builtin and then its argument prototype would still apply.  */
| #ifdef __cplusplus
| extern "C"
| #endif
| char SDL_Init ();
| int
| main ()
| {
| return SDL_Init ();
|   ;
|   return 0;
| }
configure:5740: result: no
configure:5755: checking for rotozoomSurface in -lSDL_gfx
configure:5790: gcc -o conftest -g -O2 -I/gpfs/home/wjb19/work/fig2xml/figstuff/src/ocropus-0.4/tiff-4.0.1/include  conftest.c -lSDL_gfx  -ltiff -ljpeg -lpng -lz -L/gpfs/home/wjb19/work/fig2xml/figstuff/src/ocropus-0.4/tiff-4.0.1/lib >&5
/usr/bin/ld: cannot find -lSDL_gfx
collect2: ld returned 1 exit status
configure:5797: $? = 1
configure: failed program was:
| /* confdefs.h.  */
| #define PACKAGE_NAME "iulib"
| #define PACKAGE_TARNAME "iulib"
| #define PACKAGE_VERSION "0.3"
| #define PACKAGE_STRING "iulib 0.3"
| #define PACKAGE_BUGREPORT ""
| #define PACKAGE "iulib"
| #define VERSION "0.3"
| #define STDC_HEADERS 1
| #define HAVE_SYS_WAIT_H 1
| #define HAVE_SYS_TYPES_H 1
| #define HAVE_SYS_STAT_H 1
| #define HAVE_STDLIB_H 1
| #define HAVE_STRING_H 1
| #define HAVE_MEMORY_H 1
| #define HAVE_STRINGS_H 1
| #define HAVE_INTTYPES_H 1
| #define HAVE_STDINT_H 1
| #define HAVE_UNISTD_H 1
| #define HAVE_FLOAT_H 1
| #define HAVE_MALLOC_H 1
| #define HAVE_STDINT_H 1
| #define HAVE_STDLIB_H 1
| #define HAVE_STRING_H 1
| #define HAVE_UNISTD_H 1
| #define HAVE_WCHAR_H 1
| #define HAVE_LIBZ 1
| #define HAVE_LIBPNG 1
| #define HAVE_LIBJPEG 1
| #define HAVE_LIBTIFF 1
| /* end confdefs.h.  */
| 
| /* Override any GCC internal prototype to avoid an error.
|    Use char because int might match the return type of a GCC
|    builtin and then its argument prototype would still apply.  */
| #ifdef __cplusplus
| extern "C"
| #endif
| char rotozoomSurface ();
| int
| main ()
| {
| return rotozoomSurface ();
|   ;
|   return 0;
| }
configure:5818: result: no
configure:5862: checking how to run the C++ preprocessor
configure:5898: g++ -E -I/gpfs/home/wjb19/work/fig2xml/figstuff/src/ocropus-0.4/tiff-4.0.1/include conftest.cpp
configure:5905: $? = 0
configure:5936: g++ -E -I/gpfs/home/wjb19/work/fig2xml/figstuff/src/ocropus-0.4/tiff-4.0.1/include conftest.cpp
conftest.cpp:32:28: error: ac_nonexistent.h: No such file or directory
configure:5943: $? = 1
configure: failed program was:
| /* confdefs.h.  */
| #define PACKAGE_NAME "iulib"
| #define PACKAGE_TARNAME "iulib"
| #define PACKAGE_VERSION "0.3"
| #define PACKAGE_STRING "iulib 0.3"
| #define PACKAGE_BUGREPORT ""
| #define PACKAGE "iulib"
| #define VERSION "0.3"
| #define STDC_HEADERS 1
| #define HAVE_SYS_WAIT_H 1
| #define HAVE_SYS_TYPES_H 1
| #define HAVE_SYS_STAT_H 1
| #define HAVE_STDLIB_H 1
| #define HAVE_STRING_H 1
| #define HAVE_MEMORY_H 1
| #define HAVE_STRINGS_H 1
| #define HAVE_INTTYPES_H 1
| #define HAVE_STDINT_H 1
| #define HAVE_UNISTD_H 1
| #define HAVE_FLOAT_H 1
| #define HAVE_MALLOC_H 1
| #define HAVE_STDINT_H 1
| #define HAVE_STDLIB_H 1
| #define HAVE_STRING_H 1
| #define HAVE_UNISTD_H 1
| #define HAVE_WCHAR_H 1
| #define HAVE_LIBZ 1
| #define HAVE_LIBPNG 1
| #define HAVE_LIBJPEG 1
| #define HAVE_LIBTIFF 1
| /* end confdefs.h.  */
| #include <ac_nonexistent.h>
configure:5976: result: g++ -E
configure:6005: g++ -E -I/gpfs/home/wjb19/work/fig2xml/figstuff/src/ocropus-0.4/tiff-4.0.1/include conftest.cpp
configure:6012: $? = 0
configure:6043: g++ -E -I/gpfs/home/wjb19/work/fig2xml/figstuff/src/ocropus-0.4/tiff-4.0.1/include conftest.cpp
conftest.cpp:32:28: error: ac_nonexistent.h: No such file or directory
configure:6050: $? = 1
configure: failed program was:
| /* confdefs.h.  */
| #define PACKAGE_NAME "iulib"
| #define PACKAGE_TARNAME "iulib"
| #define PACKAGE_VERSION "0.3"
| #define PACKAGE_STRING "iulib 0.3"
| #define PACKAGE_BUGREPORT ""
| #define PACKAGE "iulib"
| #define VERSION "0.3"
| #define STDC_HEADERS 1
| #define HAVE_SYS_WAIT_H 1
| #define HAVE_SYS_TYPES_H 1
| #define HAVE_SYS_STAT_H 1
| #define HAVE_STDLIB_H 1
| #define HAVE_STRING_H 1
| #define HAVE_MEMORY_H 1
| #define HAVE_STRINGS_H 1
| #define HAVE_INTTYPES_H 1
| #define HAVE_STDINT_H 1
| #define HAVE_UNISTD_H 1
| #define HAVE_FLOAT_H 1
| #define HAVE_MALLOC_H 1
| #define HAVE_STDINT_H 1
| #define HAVE_STDLIB_H 1
| #define HAVE_STRING_H 1
| #define HAVE_UNISTD_H 1
| #define HAVE_WCHAR_H 1
| #define HAVE_LIBZ 1
| #define HAVE_LIBPNG 1
| #define HAVE_LIBJPEG 1
| #define HAVE_LIBTIFF 1
| /* end confdefs.h.  */
| #include <ac_nonexistent.h>
configure:6100: checking ffmpeg/avcodec.h usability
configure:6117: g++ -c -g -O2 -I/gpfs/home/wjb19/work/fig2xml/figstuff/src/ocropus-0.4/tiff-4.0.1/include conftest.cpp >&5
conftest.cpp:65:28: error: ffmpeg/avcodec.h: No such file or directory
configure:6124: $? = 1
configure: failed program was:
| /* confdefs.h.  */
| #define PACKAGE_NAME "iulib"
| #define PACKAGE_TARNAME "iulib"
| #define PACKAGE_VERSION "0.3"
| #define PACKAGE_STRING "iulib 0.3"
| #define PACKAGE_BUGREPORT ""
| #define PACKAGE "iulib"
| #define VERSION "0.3"
| #define STDC_HEADERS 1
| #define HAVE_SYS_WAIT_H 1
| #define HAVE_SYS_TYPES_H 1
| #define HAVE_SYS_STAT_H 1
| #define HAVE_STDLIB_H 1
| #define HAVE_STRING_H 1
| #define HAVE_MEMORY_H 1
| #define HAVE_STRINGS_H 1
| #define HAVE_INTTYPES_H 1
| #define HAVE_STDINT_H 1
| #define HAVE_UNISTD_H 1
| #define HAVE_FLOAT_H 1
| #define HAVE_MALLOC_H 1
| #define HAVE_STDINT_H 1
| #define HAVE_STDLIB_H 1
| #define HAVE_STRING_H 1
| #define HAVE_UNISTD_H 1
| #define HAVE_WCHAR_H 1
| #define HAVE_LIBZ 1
| #define HAVE_LIBPNG 1
| #define HAVE_LIBJPEG 1
| #define HAVE_LIBTIFF 1
| /* end confdefs.h.  */
| #include <stdio.h>
| #ifdef HAVE_SYS_TYPES_H
| # include <sys/types.h>
| #endif
| #ifdef HAVE_SYS_STAT_H
| # include <sys/stat.h>
| #endif
| #ifdef STDC_HEADERS
| # include <stdlib.h>
| # include <stddef.h>
| #else
| # ifdef HAVE_STDLIB_H
| #  include <stdlib.h>
| # endif
| #endif
| #ifdef HAVE_STRING_H
| # if !defined STDC_HEADERS && defined HAVE_MEMORY_H
| #  include <memory.h>
| # endif
| # include <string.h>
| #endif
| #ifdef HAVE_STRINGS_H
| # include <strings.h>
| #endif
| #ifdef HAVE_INTTYPES_H
| # include <inttypes.h>
| #endif
| #ifdef HAVE_STDINT_H
| # include <stdint.h>
| #endif
| #ifdef HAVE_UNISTD_H
| # include <unistd.h>
| #endif
| #include <ffmpeg/avcodec.h>
configure:6138: result: no
configure:6142: checking ffmpeg/avcodec.h presence
configure:6157: g++ -E -I/gpfs/home/wjb19/work/fig2xml/figstuff/src/ocropus-0.4/tiff-4.0.1/include conftest.cpp
conftest.cpp:32:28: error: ffmpeg/avcodec.h: No such file or directory
configure:6164: $? = 1
configure: failed program was:
| /* confdefs.h.  */
| #define PACKAGE_NAME "iulib"
| #define PACKAGE_TARNAME "iulib"
| #define PACKAGE_VERSION "0.3"
| #define PACKAGE_STRING "iulib 0.3"
| #define PACKAGE_BUGREPORT ""
| #define PACKAGE "iulib"
| #define VERSION "0.3"
| #define STDC_HEADERS 1
| #define HAVE_SYS_WAIT_H 1
| #define HAVE_SYS_TYPES_H 1
| #define HAVE_SYS_STAT_H 1
| #define HAVE_STDLIB_H 1
| #define HAVE_STRING_H 1
| #define HAVE_MEMORY_H 1
| #define HAVE_STRINGS_H 1
| #define HAVE_INTTYPES_H 1
| #define HAVE_STDINT_H 1
| #define HAVE_UNISTD_H 1
| #define HAVE_FLOAT_H 1
| #define HAVE_MALLOC_H 1
| #define HAVE_STDINT_H 1
| #define HAVE_STDLIB_H 1
| #define HAVE_STRING_H 1
| #define HAVE_UNISTD_H 1
| #define HAVE_WCHAR_H 1
| #define HAVE_LIBZ 1
| #define HAVE_LIBPNG 1
| #define HAVE_LIBJPEG 1
| #define HAVE_LIBTIFF 1
| /* end confdefs.h.  */
| #include <ffmpeg/avcodec.h>
configure:6178: result: no
configure:6206: checking for ffmpeg/avcodec.h
configure:6213: result: no
configure:6235: checking ffmpeg/avformat.h usability
configure:6252: g++ -c -g -O2 -I/gpfs/home/wjb19/work/fig2xml/figstuff/src/ocropus-0.4/tiff-4.0.1/include conftest.cpp >&5
conftest.cpp:65:29: error: ffmpeg/avformat.h: No such file or directory
configure:6259: $? = 1
configure: failed program was:
| /* confdefs.h.  */
| #define PACKAGE_NAME "iulib"
| #define PACKAGE_TARNAME "iulib"
| #define PACKAGE_VERSION "0.3"
| #define PACKAGE_STRING "iulib 0.3"
| #define PACKAGE_BUGREPORT ""
| #define PACKAGE "iulib"
| #define VERSION "0.3"
| #define STDC_HEADERS 1
| #define HAVE_SYS_WAIT_H 1
| #define HAVE_SYS_TYPES_H 1
| #define HAVE_SYS_STAT_H 1
| #define HAVE_STDLIB_H 1
| #define HAVE_STRING_H 1
| #define HAVE_MEMORY_H 1
| #define HAVE_STRINGS_H 1
| #define HAVE_INTTYPES_H 1
| #define HAVE_STDINT_H 1
| #define HAVE_UNISTD_H 1
| #define HAVE_FLOAT_H 1
| #define HAVE_MALLOC_H 1
| #define HAVE_STDINT_H 1
| #define HAVE_STDLIB_H 1
| #define HAVE_STRING_H 1
| #define HAVE_UNISTD_H 1
| #define HAVE_WCHAR_H 1
| #define HAVE_LIBZ 1
| #define HAVE_LIBPNG 1
| #define HAVE_LIBJPEG 1
| #define HAVE_LIBTIFF 1
| /* end confdefs.h.  */
| #include <stdio.h>
| #ifdef HAVE_SYS_TYPES_H
| # include <sys/types.h>
| #endif
| #ifdef HAVE_SYS_STAT_H
| # include <sys/stat.h>
| #endif
| #ifdef STDC_HEADERS
| # include <stdlib.h>
| # include <stddef.h>
| #else
| # ifdef HAVE_STDLIB_H
| #  include <stdlib.h>
| # endif
| #endif
| #ifdef HAVE_STRING_H
| # if !defined STDC_HEADERS && defined HAVE_MEMORY_H
| #  include <memory.h>
| # endif
| # include <string.h>
| #endif
| #ifdef HAVE_STRINGS_H
| # include <strings.h>
| #endif
| #ifdef HAVE_INTTYPES_H
| # include <inttypes.h>
| #endif
| #ifdef HAVE_STDINT_H
| # include <stdint.h>
| #endif
| #ifdef HAVE_UNISTD_H
| # include <unistd.h>
| #endif
| #include <ffmpeg/avformat.h>
configure:6273: result: no
configure:6277: checking ffmpeg/avformat.h presence
configure:6292: g++ -E -I/gpfs/home/wjb19/work/fig2xml/figstuff/src/ocropus-0.4/tiff-4.0.1/include conftest.cpp
conftest.cpp:32:29: error: ffmpeg/avformat.h: No such file or directory
configure:6299: $? = 1
configure: failed program was:
| /* confdefs.h.  */
| #define PACKAGE_NAME "iulib"
| #define PACKAGE_TARNAME "iulib"
| #define PACKAGE_VERSION "0.3"
| #define PACKAGE_STRING "iulib 0.3"
| #define PACKAGE_BUGREPORT ""
| #define PACKAGE "iulib"
| #define VERSION "0.3"
| #define STDC_HEADERS 1
| #define HAVE_SYS_WAIT_H 1
| #define HAVE_SYS_TYPES_H 1
| #define HAVE_SYS_STAT_H 1
| #define HAVE_STDLIB_H 1
| #define HAVE_STRING_H 1
| #define HAVE_MEMORY_H 1
| #define HAVE_STRINGS_H 1
| #define HAVE_INTTYPES_H 1
| #define HAVE_STDINT_H 1
| #define HAVE_UNISTD_H 1
| #define HAVE_FLOAT_H 1
| #define HAVE_MALLOC_H 1
| #define HAVE_STDINT_H 1
| #define HAVE_STDLIB_H 1
| #define HAVE_STRING_H 1
| #define HAVE_UNISTD_H 1
| #define HAVE_WCHAR_H 1
| #define HAVE_LIBZ 1
| #define HAVE_LIBPNG 1
| #define HAVE_LIBJPEG 1
| #define HAVE_LIBTIFF 1
| /* end confdefs.h.  */
| #include <ffmpeg/avformat.h>
configure:6313: result: no
configure:6341: checking for ffmpeg/avformat.h
configure:6348: result: no
configure:6382: g++ -c -g -O2 -I/gpfs/home/wjb19/work/fig2xml/figstuff/src/ocropus-0.4/tiff-4.0.1/include conftest.cpp >&5
conftest.cpp:32:25: error: ffmpeg/avio.h: No such file or directory
conftest.cpp:33:45: error: ffmpeg/avformat.h: No such file or directory
conftest.cpp: In function 'int main()':
conftest.cpp:37: error: 'AVFormatContext' was not declared in this scope
conftest.cpp:37: error: expected ';' before 'fc'
conftest.cpp:37: error: 'fc' was not declared in this scope
conftest.cpp:37: error: 'url_fclose' was not declared in this scope
configure:6389: $? = 1
configure: failed program was:
| /* confdefs.h.  */
| #define PACKAGE_NAME "iulib"
| #define PACKAGE_TARNAME "iulib"
| #define PACKAGE_VERSION "0.3"
| #define PACKAGE_STRING "iulib 0.3"
| #define PACKAGE_BUGREPORT ""
| #define PACKAGE "iulib"
| #define VERSION "0.3"
| #define STDC_HEADERS 1
| #define HAVE_SYS_WAIT_H 1
| #define HAVE_SYS_TYPES_H 1
| #define HAVE_SYS_STAT_H 1
| #define HAVE_STDLIB_H 1
| #define HAVE_STRING_H 1
| #define HAVE_MEMORY_H 1
| #define HAVE_STRINGS_H 1
| #define HAVE_INTTYPES_H 1
| #define HAVE_STDINT_H 1
| #define HAVE_UNISTD_H 1
| #define HAVE_FLOAT_H 1
| #define HAVE_MALLOC_H 1
| #define HAVE_STDINT_H 1
| #define HAVE_STDLIB_H 1
| #define HAVE_STRING_H 1
| #define HAVE_UNISTD_H 1
| #define HAVE_WCHAR_H 1
| #define HAVE_LIBZ 1
| #define HAVE_LIBPNG 1
| #define HAVE_LIBJPEG 1
| #define HAVE_LIBTIFF 1
| /* end confdefs.h.  */
| #include <ffmpeg/avio.h>
|                 #include <ffmpeg/avformat.h>
| int
| main ()
| {
| AVFormatContext fc; url_fclose(fc.pb);
|   ;
|   return 0;
| }
configure:6427: checking linux/videodev2.h usability
configure:6444: g++ -c -g -O2 -I/gpfs/home/wjb19/work/fig2xml/figstuff/src/ocropus-0.4/tiff-4.0.1/include conftest.cpp >&5
configure:6451: $? = 0
configure:6465: result: yes
configure:6469: checking linux/videodev2.h presence
configure:6484: g++ -E -I/gpfs/home/wjb19/work/fig2xml/figstuff/src/ocropus-0.4/tiff-4.0.1/include conftest.cpp
configure:6491: $? = 0
configure:6505: result: yes
configure:6533: checking for linux/videodev2.h
configure:6540: result: yes
configure:6562: checking for int64_t
configure:6593: g++ -c -g -O2 -I/gpfs/home/wjb19/work/fig2xml/figstuff/src/ocropus-0.4/tiff-4.0.1/include conftest.cpp >&5
configure:6600: $? = 0
configure:6629: g++ -c -g -O2 -I/gpfs/home/wjb19/work/fig2xml/figstuff/src/ocropus-0.4/tiff-4.0.1/include conftest.cpp >&5
conftest.cpp: In function 'int main()':
conftest.cpp:70: warning: integer overflow in expression
conftest.cpp:70: error: size of array 'test_array' is negative
configure:6636: $? = 1
configure: failed program was:
| /* confdefs.h.  */
| #define PACKAGE_NAME "iulib"
| #define PACKAGE_TARNAME "iulib"
| #define PACKAGE_VERSION "0.3"
| #define PACKAGE_STRING "iulib 0.3"
| #define PACKAGE_BUGREPORT ""
| #define PACKAGE "iulib"
| #define VERSION "0.3"
| #define STDC_HEADERS 1
| #define HAVE_SYS_WAIT_H 1
| #define HAVE_SYS_TYPES_H 1
| #define HAVE_SYS_STAT_H 1
| #define HAVE_STDLIB_H 1
| #define HAVE_STRING_H 1
| #define HAVE_MEMORY_H 1
| #define HAVE_STRINGS_H 1
| #define HAVE_INTTYPES_H 1
| #define HAVE_STDINT_H 1
| #define HAVE_UNISTD_H 1
| #define HAVE_FLOAT_H 1
| #define HAVE_MALLOC_H 1
| #define HAVE_STDINT_H 1
| #define HAVE_STDLIB_H 1
| #define HAVE_STRING_H 1
| #define HAVE_UNISTD_H 1
| #define HAVE_WCHAR_H 1
| #define HAVE_LIBZ 1
| #define HAVE_LIBPNG 1
| #define HAVE_LIBJPEG 1
| #define HAVE_LIBTIFF 1
| #define HAVE_OLD_AVFORMAT 1
| /* end confdefs.h.  */
| #include <stdio.h>
| #ifdef HAVE_SYS_TYPES_H
| # include <sys/types.h>
| #endif
| #ifdef HAVE_SYS_STAT_H
| # include <sys/stat.h>
| #endif
| #ifdef STDC_HEADERS
| # include <stdlib.h>
| # include <stddef.h>
| #else
| # ifdef HAVE_STDLIB_H
| #  include <stdlib.h>
| # endif
| #endif
| #ifdef HAVE_STRING_H
| # if !defined STDC_HEADERS && defined HAVE_MEMORY_H
| #  include <memory.h>
| # endif
| # include <string.h>
| #endif
| #ifdef HAVE_STRINGS_H
| # include <strings.h>
| #endif
| #ifdef HAVE_INTTYPES_H
| # include <inttypes.h>
| #endif
| #ifdef HAVE_STDINT_H
| # include <stdint.h>
| #endif
| #ifdef HAVE_UNISTD_H
| # include <unistd.h>
| #endif
| int
| main ()
| {
| static int test_array [1 - 2 * !((int64_t) ((((int64_t) 1 << (64 - 2)) - 1) * 2 + 1)
| 		 < (int64_t) ((((int64_t) 1 << (64 - 2)) - 1) * 2 + 2))];
| test_array [0] = 0
| 
|   ;
|   return 0;
| }
configure:6665: result: yes
configure:6677: checking for pid_t
configure:6705: g++ -c -g -O2 -I/gpfs/home/wjb19/work/fig2xml/figstuff/src/ocropus-0.4/tiff-4.0.1/include conftest.cpp >&5
configure:6712: $? = 0
configure:6739: g++ -c -g -O2 -I/gpfs/home/wjb19/work/fig2xml/figstuff/src/ocropus-0.4/tiff-4.0.1/include conftest.cpp >&5
conftest.cpp: In function 'int main()':
conftest.cpp:69: error: expected primary-expression before ')' token
configure:6746: $? = 1
configure: failed program was:
| /* confdefs.h.  */
| #define PACKAGE_NAME "iulib"
| #define PACKAGE_TARNAME "iulib"
| #define PACKAGE_VERSION "0.3"
| #define PACKAGE_STRING "iulib 0.3"
| #define PACKAGE_BUGREPORT ""
| #define PACKAGE "iulib"
| #define VERSION "0.3"
| #define STDC_HEADERS 1
| #define HAVE_SYS_WAIT_H 1
| #define HAVE_SYS_TYPES_H 1
| #define HAVE_SYS_STAT_H 1
| #define HAVE_STDLIB_H 1
| #define HAVE_STRING_H 1
| #define HAVE_MEMORY_H 1
| #define HAVE_STRINGS_H 1
| #define HAVE_INTTYPES_H 1
| #define HAVE_STDINT_H 1
| #define HAVE_UNISTD_H 1
| #define HAVE_FLOAT_H 1
| #define HAVE_MALLOC_H 1
| #define HAVE_STDINT_H 1
| #define HAVE_STDLIB_H 1
| #define HAVE_STRING_H 1
| #define HAVE_UNISTD_H 1
| #define HAVE_WCHAR_H 1
| #define HAVE_LIBZ 1
| #define HAVE_LIBPNG 1
| #define HAVE_LIBJPEG 1
| #define HAVE_LIBTIFF 1
| #define HAVE_OLD_AVFORMAT 1
| /* end confdefs.h.  */
| #include <stdio.h>
| #ifdef HAVE_SYS_TYPES_H
| # include <sys/types.h>
| #endif
| #ifdef HAVE_SYS_STAT_H
| # include <sys/stat.h>
| #endif
| #ifdef STDC_HEADERS
| # include <stdlib.h>
| # include <stddef.h>
| #else
| # ifdef HAVE_STDLIB_H
| #  include <stdlib.h>
| # endif
| #endif
| #ifdef HAVE_STRING_H
| # if !defined STDC_HEADERS && defined HAVE_MEMORY_H
| #  include <memory.h>
| # endif
| # include <string.h>
| #endif
| #ifdef HAVE_STRINGS_H
| # include <strings.h>
| #endif
| #ifdef HAVE_INTTYPES_H
| # include <inttypes.h>
| #endif
| #ifdef HAVE_STDINT_H
| # include <stdint.h>
| #endif
| #ifdef HAVE_UNISTD_H
| # include <unistd.h>
| #endif
| int
| main ()
| {
| if (sizeof ((pid_t)))
| 	  return 0;
|   ;
|   return 0;
| }
configure:6769: result: yes
configure:6798: checking vfork.h usability
configure:6815: g++ -c -g -O2 -I/gpfs/home/wjb19/work/fig2xml/figstuff/src/ocropus-0.4/tiff-4.0.1/include conftest.cpp >&5
conftest.cpp:66:19: error: vfork.h: No such file or directory
configure:6822: $? = 1
configure: failed program was:
| /* confdefs.h.  */
| #define PACKAGE_NAME "iulib"
| #define PACKAGE_TARNAME "iulib"
| #define PACKAGE_VERSION "0.3"
| #define PACKAGE_STRING "iulib 0.3"
| #define PACKAGE_BUGREPORT ""
| #define PACKAGE "iulib"
| #define VERSION "0.3"
| #define STDC_HEADERS 1
| #define HAVE_SYS_WAIT_H 1
| #define HAVE_SYS_TYPES_H 1
| #define HAVE_SYS_STAT_H 1
| #define HAVE_STDLIB_H 1
| #define HAVE_STRING_H 1
| #define HAVE_MEMORY_H 1
| #define HAVE_STRINGS_H 1
| #define HAVE_INTTYPES_H 1
| #define HAVE_STDINT_H 1
| #define HAVE_UNISTD_H 1
| #define HAVE_FLOAT_H 1
| #define HAVE_MALLOC_H 1
| #define HAVE_STDINT_H 1
| #define HAVE_STDLIB_H 1
| #define HAVE_STRING_H 1
| #define HAVE_UNISTD_H 1
| #define HAVE_WCHAR_H 1
| #define HAVE_LIBZ 1
| #define HAVE_LIBPNG 1
| #define HAVE_LIBJPEG 1
| #define HAVE_LIBTIFF 1
| #define HAVE_OLD_AVFORMAT 1
| /* end confdefs.h.  */
| #include <stdio.h>
| #ifdef HAVE_SYS_TYPES_H
| # include <sys/types.h>
| #endif
| #ifdef HAVE_SYS_STAT_H
| # include <sys/stat.h>
| #endif
| #ifdef STDC_HEADERS
| # include <stdlib.h>
| # include <stddef.h>
| #else
| # ifdef HAVE_STDLIB_H
| #  include <stdlib.h>
| # endif
| #endif
| #ifdef HAVE_STRING_H
| # if !defined STDC_HEADERS && defined HAVE_MEMORY_H
| #  include <memory.h>
| # endif
| # include <string.h>
| #endif
| #ifdef HAVE_STRINGS_H
| # include <strings.h>
| #endif
| #ifdef HAVE_INTTYPES_H
| # include <inttypes.h>
| #endif
| #ifdef HAVE_STDINT_H
| # include <stdint.h>
| #endif
| #ifdef HAVE_UNISTD_H
| # include <unistd.h>
| #endif
| #include <vfork.h>
configure:6836: result: no
configure:6840: checking vfork.h presence
configure:6855: g++ -E -I/gpfs/home/wjb19/work/fig2xml/figstuff/src/ocropus-0.4/tiff-4.0.1/include conftest.cpp
conftest.cpp:33:19: error: vfork.h: No such file or directory
configure:6862: $? = 1
configure: failed program was:
| /* confdefs.h.  */
| #define PACKAGE_NAME "iulib"
| #define PACKAGE_TARNAME "iulib"
| #define PACKAGE_VERSION "0.3"
| #define PACKAGE_STRING "iulib 0.3"
| #define PACKAGE_BUGREPORT ""
| #define PACKAGE "iulib"
| #define VERSION "0.3"
| #define STDC_HEADERS 1
| #define HAVE_SYS_WAIT_H 1
| #define HAVE_SYS_TYPES_H 1
| #define HAVE_SYS_STAT_H 1
| #define HAVE_STDLIB_H 1
| #define HAVE_STRING_H 1
| #define HAVE_MEMORY_H 1
| #define HAVE_STRINGS_H 1
| #define HAVE_INTTYPES_H 1
| #define HAVE_STDINT_H 1
| #define HAVE_UNISTD_H 1
| #define HAVE_FLOAT_H 1
| #define HAVE_MALLOC_H 1
| #define HAVE_STDINT_H 1
| #define HAVE_STDLIB_H 1
| #define HAVE_STRING_H 1
| #define HAVE_UNISTD_H 1
| #define HAVE_WCHAR_H 1
| #define HAVE_LIBZ 1
| #define HAVE_LIBPNG 1
| #define HAVE_LIBJPEG 1
| #define HAVE_LIBTIFF 1
| #define HAVE_OLD_AVFORMAT 1
| /* end confdefs.h.  */
| #include <vfork.h>
configure:6876: result: no
configure:6904: checking for vfork.h
configure:6913: result: no
configure:6933: checking for fork
configure:6989: g++ -o conftest -g -O2 -I/gpfs/home/wjb19/work/fig2xml/figstuff/src/ocropus-0.4/tiff-4.0.1/include  conftest.cpp -ltiff -ljpeg -lpng -lz -L/gpfs/home/wjb19/work/fig2xml/figstuff/src/ocropus-0.4/tiff-4.0.1/lib >&5
configure:6996: $? = 0
configure:7018: result: yes
configure:6933: checking for vfork
configure:6989: g++ -o conftest -g -O2 -I/gpfs/home/wjb19/work/fig2xml/figstuff/src/ocropus-0.4/tiff-4.0.1/include  conftest.cpp -ltiff -ljpeg -lpng -lz -L/gpfs/home/wjb19/work/fig2xml/figstuff/src/ocropus-0.4/tiff-4.0.1/lib >&5
configure:6996: $? = 0
configure:7018: result: yes
configure:7031: checking for working fork
configure:7063: g++ -o conftest -g -O2 -I/gpfs/home/wjb19/work/fig2xml/figstuff/src/ocropus-0.4/tiff-4.0.1/include  conftest.cpp -ltiff -ljpeg -lpng -lz -L/gpfs/home/wjb19/work/fig2xml/figstuff/src/ocropus-0.4/tiff-4.0.1/lib >&5
configure:7067: $? = 0
configure:7073: ./conftest
configure:7077: $? = 0
configure:7094: result: yes
configure:7115: checking for working vfork
configure:7256: result: yes
configure:7296: checking for dup2
configure:7352: g++ -o conftest -g -O2 -I/gpfs/home/wjb19/work/fig2xml/figstuff/src/ocropus-0.4/tiff-4.0.1/include  conftest.cpp -ltiff -ljpeg -lpng -lz -L/gpfs/home/wjb19/work/fig2xml/figstuff/src/ocropus-0.4/tiff-4.0.1/lib >&5
configure:7359: $? = 0
configure:7381: result: yes
configure:7296: checking for memset
configure:7352: g++ -o conftest -g -O2 -I/gpfs/home/wjb19/work/fig2xml/figstuff/src/ocropus-0.4/tiff-4.0.1/include  conftest.cpp -ltiff -ljpeg -lpng -lz -L/gpfs/home/wjb19/work/fig2xml/figstuff/src/ocropus-0.4/tiff-4.0.1/lib >&5
configure:7359: $? = 0
configure:7381: result: yes
configure:7296: checking for sqrt
configure:7352: g++ -o conftest -g -O2 -I/gpfs/home/wjb19/work/fig2xml/figstuff/src/ocropus-0.4/tiff-4.0.1/include  conftest.cpp -ltiff -ljpeg -lpng -lz -L/gpfs/home/wjb19/work/fig2xml/figstuff/src/ocropus-0.4/tiff-4.0.1/lib >&5
configure:7359: $? = 0
configure:7381: result: yes
configure:7296: checking for strchr
configure:7352: g++ -o conftest -g -O2 -I/gpfs/home/wjb19/work/fig2xml/figstuff/src/ocropus-0.4/tiff-4.0.1/include  conftest.cpp -ltiff -ljpeg -lpng -lz -L/gpfs/home/wjb19/work/fig2xml/figstuff/src/ocropus-0.4/tiff-4.0.1/lib >&5
configure:7359: $? = 0
configure:7381: result: yes
configure:7296: checking for strdup
configure:7352: g++ -o conftest -g -O2 -I/gpfs/home/wjb19/work/fig2xml/figstuff/src/ocropus-0.4/tiff-4.0.1/include  conftest.cpp -ltiff -ljpeg -lpng -lz -L/gpfs/home/wjb19/work/fig2xml/figstuff/src/ocropus-0.4/tiff-4.0.1/lib >&5
configure:7359: $? = 0
configure:7381: result: yes
configure:7296: checking for strrchr
configure:7352: g++ -o conftest -g -O2 -I/gpfs/home/wjb19/work/fig2xml/figstuff/src/ocropus-0.4/tiff-4.0.1/include  conftest.cpp -ltiff -ljpeg -lpng -lz -L/gpfs/home/wjb19/work/fig2xml/figstuff/src/ocropus-0.4/tiff-4.0.1/lib >&5
configure:7359: $? = 0
configure:7381: result: yes
configure:7584: creating ./config.status

## ---------------------- ##
## Running config.status. ##
## ---------------------- ##

This file was extended by iulib config.status 0.3, which was
generated by GNU Autoconf 2.63.  Invocation command line was

  CONFIG_FILES    = 
  CONFIG_HEADERS  = 
  CONFIG_LINKS    = 
  CONFIG_COMMANDS = 
  $ ./config.status 

on lionga.rcc.psu.edu

config.status:714: creating Makefile
config.status:925: executing depfiles commands

## ---------------- ##
## Cache variables. ##
## ---------------- ##

ac_cv_c_compiler_gnu=yes
ac_cv_c_int64_t=yes
ac_cv_cxx_compiler_gnu=yes
ac_cv_env_CCC_set=
ac_cv_env_CCC_value=
ac_cv_env_CC_set=
ac_cv_env_CC_value=
ac_cv_env_CFLAGS_set=
ac_cv_env_CFLAGS_value=
ac_cv_env_CPPFLAGS_set=set
ac_cv_env_CPPFLAGS_value=-I/gpfs/home/wjb19/work/fig2xml/figstuff/src/ocropus-0.4/tiff-4.0.1/include
ac_cv_env_CPP_set=
ac_cv_env_CPP_value=
ac_cv_env_CXXCPP_set=
ac_cv_env_CXXCPP_value=
ac_cv_env_CXXFLAGS_set=
ac_cv_env_CXXFLAGS_value=
ac_cv_env_CXX_set=
ac_cv_env_CXX_value=
ac_cv_env_LDFLAGS_set=
ac_cv_env_LDFLAGS_value=
ac_cv_env_LIBS_set=set
ac_cv_env_LIBS_value=-L/gpfs/home/wjb19/work/fig2xml/figstuff/src/ocropus-0.4/tiff-4.0.1/lib
ac_cv_env_build_alias_set=
ac_cv_env_build_alias_value=
ac_cv_env_host_alias_set=
ac_cv_env_host_alias_value=
ac_cv_env_target_alias_set=
ac_cv_env_target_alias_value=
ac_cv_func_dup2=yes
ac_cv_func_fork=yes
ac_cv_func_fork_works=yes
ac_cv_func_memset=yes
ac_cv_func_sqrt=yes
ac_cv_func_strchr=yes
ac_cv_func_strdup=yes
ac_cv_func_strrchr=yes
ac_cv_func_vfork=yes
ac_cv_func_vfork_works=yes
ac_cv_header_ffmpeg_avcodec_h=no
ac_cv_header_ffmpeg_avformat_h=no
ac_cv_header_float_h=yes
ac_cv_header_inttypes_h=yes
ac_cv_header_jpeglib_h=yes
ac_cv_header_linux_videodev2_h=yes
ac_cv_header_malloc_h=yes
ac_cv_header_memory_h=yes
ac_cv_header_png_h=yes
ac_cv_header_stdc=yes
ac_cv_header_stdint_h=yes
ac_cv_header_stdlib_h=yes
ac_cv_header_string_h=yes
ac_cv_header_strings_h=yes
ac_cv_header_sys_stat_h=yes
ac_cv_header_sys_types_h=yes
ac_cv_header_sys_wait_h=yes
ac_cv_header_unistd_h=yes
ac_cv_header_vfork_h=no
ac_cv_header_wchar_h=yes
ac_cv_lib_SDL_SDL_Init=no
ac_cv_lib_SDL_gfx_rotozoomSurface=no
ac_cv_lib_jpeg_jpeg_std_error=yes
ac_cv_lib_png_png_sig_cmp=yes
ac_cv_lib_tiff_TIFFOpen=yes
ac_cv_lib_z_compress=yes
ac_cv_objext=o
ac_cv_path_EGREP='/bin/grep -E'
ac_cv_path_GREP=/bin/grep
ac_cv_path_install='/usr/bin/install -c'
ac_cv_path_mkdir=/bin/mkdir
ac_cv_prog_AWK=gawk
ac_cv_prog_CPP='gcc -E'
ac_cv_prog_CXXCPP='g++ -E'
ac_cv_prog_ac_ct_CC=gcc
ac_cv_prog_ac_ct_CXX=g++
ac_cv_prog_ac_ct_RANLIB=ranlib
ac_cv_prog_cc_c89=
ac_cv_prog_cc_g=yes
ac_cv_prog_cxx_g=yes
ac_cv_prog_make_make_set=yes
ac_cv_type_pid_t=yes
ac_cv_use_sdl=yes
am_cv_CC_dependencies_compiler_type=gcc3
am_cv_CXX_dependencies_compiler_type=gcc3

## ----------------- ##
## Output variables. ##
## ----------------- ##

ACLOCAL='${SHELL} /gpfs/home/wjb19/work/fig2xml/figstuff/src/ocropus-0.4/iulib-0.4/missing --run aclocal-1.11'
AMDEPBACKSLASH='\'
AMDEP_FALSE='#'
AMDEP_TRUE=''
AMTAR='${SHELL} /gpfs/home/wjb19/work/fig2xml/figstuff/src/ocropus-0.4/iulib-0.4/missing --run tar'
AUTOCONF='${SHELL} /gpfs/home/wjb19/work/fig2xml/figstuff/src/ocropus-0.4/iulib-0.4/missing --run autoconf'
AUTOHEADER='${SHELL} /gpfs/home/wjb19/work/fig2xml/figstuff/src/ocropus-0.4/iulib-0.4/missing --run autoheader'
AUTOMAKE='${SHELL} /gpfs/home/wjb19/work/fig2xml/figstuff/src/ocropus-0.4/iulib-0.4/missing --run automake-1.11'
AWK='gawk'
CC='gcc'
CCDEPMODE='depmode=gcc3'
CFLAGS='-g -O2'
CPP='gcc -E'
CPPFLAGS='-I/gpfs/home/wjb19/work/fig2xml/figstuff/src/ocropus-0.4/tiff-4.0.1/include'
CXX='g++'
CXXCPP='g++ -E'
CXXDEPMODE='depmode=gcc3'
CXXFLAGS='-g -O2'
CYGPATH_W='echo'
DEFS='-DPACKAGE_NAME=\"iulib\" -DPACKAGE_TARNAME=\"iulib\" -DPACKAGE_VERSION=\"0.3\" -DPACKAGE_STRING=\"iulib\ 0.3\" -DPACKAGE_BUGREPORT=\"\" -DPACKAGE=\"iulib\" -DVERSION=\"0.3\" -DSTDC_HEADERS=1 -DHAVE_SYS_WAIT_H=1 -DHAVE_SYS_TYPES_H=1 -DHAVE_SYS_STAT_H=1 -DHAVE_STDLIB_H=1 -DHAVE_STRING_H=1 -DHAVE_MEMORY_H=1 -DHAVE_STRINGS_H=1 -DHAVE_INTTYPES_H=1 -DHAVE_STDINT_H=1 -DHAVE_UNISTD_H=1 -DHAVE_FLOAT_H=1 -DHAVE_MALLOC_H=1 -DHAVE_STDINT_H=1 -DHAVE_STDLIB_H=1 -DHAVE_STRING_H=1 -DHAVE_UNISTD_H=1 -DHAVE_WCHAR_H=1 -DHAVE_LIBZ=1 -DHAVE_LIBPNG=1 -DHAVE_LIBJPEG=1 -DHAVE_LIBTIFF=1 -DHAVE_OLD_AVFORMAT=1 -DHAVE_FORK=1 -DHAVE_VFORK=1 -DHAVE_WORKING_VFORK=1 -DHAVE_WORKING_FORK=1 -DHAVE_DUP2=1 -DHAVE_MEMSET=1 -DHAVE_SQRT=1 -DHAVE_STRCHR=1 -DHAVE_STRDUP=1 -DHAVE_STRRCHR=1'
DEPDIR='.deps'
ECHO_C=''
ECHO_N='-n'
ECHO_T=''
EGREP='/bin/grep -E'
EXEEXT=''
GREP='/bin/grep'
INSTALL_DATA='${INSTALL} -m 644'
INSTALL_PROGRAM='${INSTALL}'
INSTALL_SCRIPT='${INSTALL}'
INSTALL_STRIP_PROGRAM='$(install_sh) -c -s'
LDFLAGS=''
LIBOBJS=''
LIBS='-ltiff -ljpeg -lpng -lz -L/gpfs/home/wjb19/work/fig2xml/figstuff/src/ocropus-0.4/tiff-4.0.1/lib'
LTLIBOBJS=''
MAKEINFO='${SHELL} /gpfs/home/wjb19/work/fig2xml/figstuff/src/ocropus-0.4/iulib-0.4/missing --run makeinfo'
MKDIR_P='/bin/mkdir -p'
OBJEXT='o'
PACKAGE='iulib'
PACKAGE_BUGREPORT=''
PACKAGE_NAME='iulib'
PACKAGE_STRING='iulib 0.3'
PACKAGE_TARNAME='iulib'
PACKAGE_VERSION='0.3'
PATH_SEPARATOR=':'
RANLIB='ranlib'
SET_MAKE=''
SHELL='/bin/sh'
STRIP=''
VERSION='0.3'
ac_ct_CC='gcc'
ac_ct_CXX='g++'
am__EXEEXT_FALSE=''
am__EXEEXT_TRUE='#'
am__fastdepCC_FALSE='#'
am__fastdepCC_TRUE=''
am__fastdepCXX_FALSE='#'
am__fastdepCXX_TRUE=''
am__include='include'
am__isrc=''
am__leading_dot='.'
am__quote=''
am__tar='${AMTAR} chof - "$$tardir"'
am__untar='${AMTAR} xf -'
bindir='${exec_prefix}/bin'
build_alias=''
datadir='${datarootdir}'
datarootdir='${prefix}/share'
docdir='${datarootdir}/doc/${PACKAGE_TARNAME}'
dvidir='${docdir}'
exec_prefix='${prefix}'
have_sdl_FALSE=''
have_sdl_TRUE='#'
have_v4l2_FALSE='#'
have_v4l2_TRUE=''
have_vidio_FALSE=''
have_vidio_TRUE='#'
host_alias=''
htmldir='${docdir}'
includedir='${prefix}/include'
infodir='${datarootdir}/info'
install_sh='${SHELL} /gpfs/home/wjb19/work/fig2xml/figstuff/src/ocropus-0.4/iulib-0.4/install-sh'
libdir='${exec_prefix}/lib'
libexecdir='${exec_prefix}/libexec'
localedir='${datarootdir}/locale'
localstatedir='${prefix}/var'
mandir='${datarootdir}/man'
mkdir_p='/bin/mkdir -p'
noposix=''
nosdl='1'
nov4l2='0'
novidio='1'
oldincludedir='/usr/include'
pdfdir='${docdir}'
prefix='/gpfs/home/wjb19/work/fig2xml/figstuff/src/ocropus-0.4/iulib-0.4'
program_transform_name='s,x,x,'
psdir='${docdir}'
sbindir='${exec_prefix}/sbin'
sharedstatedir='${prefix}/com'
sysconfdir='${prefix}/etc'
target_alias=''

## ----------- ##
## confdefs.h. ##
## ----------- ##

#define PACKAGE_NAME "iulib"
#define PACKAGE_TARNAME "iulib"
#define PACKAGE_VERSION "0.3"
#define PACKAGE_STRING "iulib 0.3"
#define PACKAGE_BUGREPORT ""
#define PACKAGE "iulib"
#define VERSION "0.3"
#define STDC_HEADERS 1
#define HAVE_SYS_WAIT_H 1
#define HAVE_SYS_TYPES_H 1
#define HAVE_SYS_STAT_H 1
#define HAVE_STDLIB_H 1
#define HAVE_STRING_H 1
#define HAVE_MEMORY_H 1
#define HAVE_STRINGS_H 1
#define HAVE_INTTYPES_H 1
#define HAVE_STDINT_H 1
#define HAVE_UNISTD_H 1
#define HAVE_FLOAT_H 1
#define HAVE_MALLOC_H 1
#define HAVE_STDINT_H 1
#define HAVE_STDLIB_H 1
#define HAVE_STRING_H 1
#define HAVE_UNISTD_H 1
#define HAVE_WCHAR_H 1
#define HAVE_LIBZ 1
#define HAVE_LIBPNG 1
#define HAVE_LIBJPEG 1
#define HAVE_LIBTIFF 1
#define HAVE_OLD_AVFORMAT 1
#define HAVE_FORK 1
#define HAVE_VFORK 1
#define HAVE_WORKING_VFORK 1
#define HAVE_WORKING_FORK 1
#define HAVE_DUP2 1
#define HAVE_MEMSET 1
#define HAVE_SQRT 1
#define HAVE_STRCHR 1
#define HAVE_STRDUP 1
#define HAVE_STRRCHR 1

configure: exit 0
